2025-05-08 16:25:59,585 [INFO] Activator:176 - 


2025-05-08 16:25:59,590 [INFO] Activator:177 - !SESSION log4j initialized
2025-05-08 16:26:07,928 [INFO] LogOutputStream:77 - [STDOUT_REDIRECT] 
2025-05-08 16:26:09,286 [INFO] ApplicationProperties:184 - Using Application install path: C:\ST\STM32CubeIDE_1.11.2\STM32CubeIDE\plugins\com.st.stm32cube.common.mx_6.13.0.202411220809
2025-05-08 16:26:09,310 [INFO] DbMcusXml:78 - Set database path to: C:\ST\STM32CubeIDE_1.11.2\STM32CubeIDE\plugins\com.st.stm32cube.common.mx_6.13.0.202411220809\\db\/mcu/
2025-05-08 16:26:09,311 [INFO] ApiDb:274 - Set plugin database path to: C:\ST\STM32CubeIDE_1.11.2\STM32CubeIDE\plugins\com.st.stm32cube.common.mx_6.13.0.202411220809\\db\/plugins/boardmanager/
2025-05-08 16:26:09,311 [WARN] ApiDb:259 - Overriding images path with different value:  => C:\ST\STM32CubeIDE_1.11.2\STM32CubeIDE\plugins\com.st.stm32cube.common.mx_6.13.0.202411220809\\db\/plugins/mcufinder/images/
2025-05-08 16:26:09,324 [INFO] ApiDb:250 - Set database path to: C:\Users\yunus\.stmcufinder\plugins\mcufinder//mcu/
2025-05-08 16:26:09,327 [INFO] DbMcusAds:125 - Set database path to: C:\Users\yunus\.stmcufinder\plugins\mcufinder//mcu/
2025-05-08 16:26:09,332 [INFO] CrossReferenceDbSqlite:203 - Set database path to: C:\Users\yunus\.stmcufinder\plugins\mcufinder//mcu/cs/
2025-05-08 16:26:09,512 [INFO] RulesReader:64 - Compatibility file has been processed (297 Rules)
2025-05-08 16:26:09,674 [INFO] DbMcusXml:78 - Set database path to: C:\ST\STM32CubeIDE_1.11.2\STM32CubeIDE\plugins\com.st.stm32cube.common.mx_6.13.0.202411220809\\db\/mcu/
2025-05-08 16:26:09,675 [INFO] ApiDb:274 - Set plugin database path to: C:\ST\STM32CubeIDE_1.11.2\STM32CubeIDE\plugins\com.st.stm32cube.common.mx_6.13.0.202411220809\\db\/plugins/boardmanager/
2025-05-08 16:26:09,675 [INFO] ApiDb:261 - Set plugin images path to: C:\ST\STM32CubeIDE_1.11.2\STM32CubeIDE\plugins\com.st.stm32cube.common.mx_6.13.0.202411220809\\db\/plugins/mcufinder/images/
2025-05-08 16:26:09,675 [WARN] DbFile:41 - Overriding database path with different value: C:\Users\yunus\.stmcufinder\plugins\mcufinder/ => C:\Users\yunus\.stmcufinder\plugins\mcufinder
2025-05-08 16:26:09,675 [INFO] ApiDb:250 - Set database path to: C:\Users\yunus\.stmcufinder\plugins\mcufinder//mcu/
2025-05-08 16:26:09,675 [WARN] DbFile:41 - Overriding database path with different value: C:\Users\yunus\.stmcufinder\plugins\mcufinder/ => C:\Users\yunus\.stmcufinder\plugins\mcufinder
2025-05-08 16:26:09,675 [INFO] DbMcusAds:125 - Set database path to: C:\Users\yunus\.stmcufinder\plugins\mcufinder//mcu/
2025-05-08 16:26:09,676 [WARN] DbFile:41 - Overriding database path with different value: C:\Users\yunus\.stmcufinder\plugins\mcufinder/ => C:\Users\yunus\.stmcufinder\plugins\mcufinder
2025-05-08 16:26:09,676 [WARN] DbFile:41 - Overriding database path with different value: C:\Users\yunus\.stmcufinder\plugins\mcufinder/ => C:\Users\yunus\.stmcufinder\plugins\mcufinder
2025-05-08 16:26:09,676 [INFO] CrossReferenceDbSqlite:203 - Set database path to: C:\Users\yunus\.stmcufinder\plugins\mcufinder//mcu/cs/
2025-05-08 16:26:09,809 [INFO] MainPanel:272 - HeapMemory: 268435456
2025-05-08 16:26:09,999 [INFO] DbMcusXml:78 - Set database path to: C:\ST\STM32CubeIDE_1.11.2\STM32CubeIDE\plugins\com.st.stm32cube.common.mx_6.13.0.202411220809\\db\/mcu/
2025-05-08 16:26:10,000 [INFO] ApiDb:274 - Set plugin database path to: C:\ST\STM32CubeIDE_1.11.2\STM32CubeIDE\plugins\com.st.stm32cube.common.mx_6.13.0.202411220809\\db\/plugins/boardmanager/
2025-05-08 16:26:10,000 [INFO] ApiDb:261 - Set plugin images path to: C:\ST\STM32CubeIDE_1.11.2\STM32CubeIDE\plugins\com.st.stm32cube.common.mx_6.13.0.202411220809\\db\/plugins/mcufinder/images/
2025-05-08 16:26:10,000 [WARN] DbFile:41 - Overriding database path with different value: C:\Users\yunus\.stmcufinder\plugins\mcufinder/ => C:\Users\yunus\.stmcufinder\plugins\mcufinder
2025-05-08 16:26:10,000 [INFO] ApiDb:250 - Set database path to: C:\Users\yunus\.stmcufinder\plugins\mcufinder//mcu/
2025-05-08 16:26:10,000 [WARN] DbFile:41 - Overriding database path with different value: C:\Users\yunus\.stmcufinder\plugins\mcufinder/ => C:\Users\yunus\.stmcufinder\plugins\mcufinder
2025-05-08 16:26:10,000 [INFO] DbMcusAds:125 - Set database path to: C:\Users\yunus\.stmcufinder\plugins\mcufinder//mcu/
2025-05-08 16:26:10,000 [WARN] DbFile:41 - Overriding database path with different value: C:\Users\yunus\.stmcufinder\plugins\mcufinder/ => C:\Users\yunus\.stmcufinder\plugins\mcufinder
2025-05-08 16:26:10,001 [WARN] DbFile:41 - Overriding database path with different value: C:\Users\yunus\.stmcufinder\plugins\mcufinder/ => C:\Users\yunus\.stmcufinder\plugins\mcufinder
2025-05-08 16:26:10,001 [INFO] CrossReferenceDbSqlite:203 - Set database path to: C:\Users\yunus\.stmcufinder\plugins\mcufinder//mcu/cs/
2025-05-08 16:26:10,038 [INFO] ApplicationProperties:184 - Using Application install path: C:\ST\STM32CubeIDE_1.11.2\STM32CubeIDE\plugins\com.st.stm32cube.common.mx_6.13.0.202411220809
2025-05-08 16:26:10,041 [INFO] PluginManage:196 - Search for loadable plugins [exclusion list=, ]
2025-05-08 16:26:10,044 [INFO] PluginManage:310 - Check plugin analytics
2025-05-08 16:26:10,332 [INFO] AnalyticsPlugin:253 - Accepted Software Licenses: 
2025-05-08 16:26:10,332 [INFO] AnalyticsPlugin:255 - Accepted CMSIS Pack Licenses: 
2025-05-08 16:26:10,332 [INFO] AnalyticsPlugin:257 - Accepted Firmware Licenses: FW.F4.1.28.0
2025-05-08 16:26:10,335 [INFO] PluginManage:359 - Loaded plugin analytics (category:tool,tabindex:-1)
2025-05-08 16:26:10,335 [INFO] PluginManage:310 - Check plugin cadmodel
2025-05-08 16:26:10,352 [INFO] CADModel:105 - Init CAD model plugin
2025-05-08 16:26:10,352 [INFO] PluginManage:359 - Loaded plugin cadmodel (category:power,tabindex:5)
2025-05-08 16:26:10,352 [INFO] PluginManage:310 - Check plugin clock
2025-05-08 16:26:10,370 [INFO] PluginManage:359 - Loaded plugin clock (category:base,tabindex:2)
2025-05-08 16:26:10,371 [INFO] PluginManage:310 - Check plugin ddr
2025-05-08 16:26:10,374 [INFO] PluginManage:359 - Loaded plugin ddr (category:tool,tabindex:6)
2025-05-08 16:26:10,374 [INFO] PluginManage:310 - Check plugin filemanager
2025-05-08 16:26:10,682 [INFO] PluginManage:359 - Loaded plugin filemanager (category:base,tabindex:10)
2025-05-08 16:26:10,683 [INFO] PluginManage:310 - Check plugin ipmanager
2025-05-08 16:26:10,702 [INFO] PluginManage:359 - Loaded plugin ipmanager (category:base,tabindex:5)
2025-05-08 16:26:10,703 [INFO] PluginManage:310 - Check plugin lpbam
2025-05-08 16:26:10,729 [INFO] PluginManage:359 - Loaded plugin lpbam (category:base,tabindex:0)
2025-05-08 16:26:10,729 [INFO] PluginManage:310 - Check plugin memorymap
2025-05-08 16:26:10,759 [INFO] PluginManage:359 - Loaded plugin memorymap (category:base,tabindex:4)
2025-05-08 16:26:10,759 [INFO] PluginManage:310 - Check plugin pinoutandconfiguration
2025-05-08 16:26:10,784 [INFO] PluginManage:359 - Loaded plugin pinoutandconfiguration (category:base,tabindex:1)
2025-05-08 16:26:10,784 [INFO] PluginManage:310 - Check plugin pinoutconfig
2025-05-08 16:26:10,948 [WARN] SupportedApi:132 - Cannot load RTOS API schema: s4s-elt-must-match.1: The content of 'definitions' must match (annotation?, (simpleType | complexType)?, (unique | key | keyref)*)). A problem was found starting at: attribute.
2025-05-08 16:26:11,227 [INFO] PluginManage:359 - Loaded plugin pinoutconfig (category:base,tabindex:0)
2025-05-08 16:26:11,227 [INFO] PluginManage:310 - Check plugin power
2025-05-08 16:26:11,251 [INFO] PluginManage:359 - Loaded plugin power (category:power,tabindex:4)
2025-05-08 16:26:11,252 [INFO] PluginManage:310 - Check plugin projectmanager
2025-05-08 16:26:11,282 [INFO] PluginManage:359 - Loaded plugin projectmanager (category:projectmanager,tabindex:4)
2025-05-08 16:26:11,282 [INFO] PluginManage:310 - Check plugin rif
2025-05-08 16:26:11,297 [INFO] PluginManage:359 - Loaded plugin rif (category:base,tabindex:3)
2025-05-08 16:26:11,297 [INFO] PluginManage:310 - Check plugin thirdparty
2025-05-08 16:26:11,608 [INFO] PluginManage:359 - Loaded plugin thirdparty (category:base,tabindex:-1)
2025-05-08 16:26:11,608 [WARN] IntegrityCheckThread:84 - waiting for thirdparty lock release [integrity check]
2025-05-08 16:26:11,608 [INFO] IntegrityCheckThread:86 - entering critical section [integrity check]
2025-05-08 16:26:11,608 [INFO] PluginManage:310 - Check plugin tools
2025-05-08 16:26:11,610 [INFO] ThirdPartyUpdaterWithRetryManager:70 - Updater plugin not ready yet. [1/15]
2025-05-08 16:26:11,615 [INFO] PluginManage:359 - Loaded plugin tools (category:base,tabindex:7)
2025-05-08 16:26:11,616 [INFO] PluginManage:310 - Check plugin tutovideos
2025-05-08 16:26:12,009 [INFO] PluginManage:359 - Loaded plugin tutovideos (category:base,tabindex:-1)
2025-05-08 16:26:12,010 [INFO] PluginManage:310 - Check plugin updater
2025-05-08 16:26:12,042 [INFO] PluginManage:359 - Loaded plugin updater (category:base,tabindex:12)
2025-05-08 16:26:12,042 [INFO] PluginManage:310 - Check plugin userauth
2025-05-08 16:26:12,048 [INFO] UserAuth:118 - Init User Auth plugin
2025-05-08 16:26:12,049 [INFO] PluginManage:359 - Loaded plugin userauth (category:base,tabindex:14)
2025-05-08 16:26:12,050 [INFO] PluginManage:283 - PluginManage : Loaded plugins [18]
2025-05-08 16:26:12,476 [INFO] PinOutPanel:1589 - setPackage(No Configuration,No Configuration)
2025-05-08 16:26:12,614 [INFO] CADModel:165 - CPN selected for project level
2025-05-08 16:26:12,614 [INFO] CADModel:114 - Register for checkConnection events
2025-05-08 16:26:12,648 [INFO] IPUIPlugin:80 - create IPUIPlugin
2025-05-08 16:26:12,648 [INFO] PluginManager:220 - loadIPPluginJar : add adc
2025-05-08 16:26:12,654 [INFO] IPUIPlugin:80 - create IPUIPlugin
2025-05-08 16:26:12,654 [INFO] PluginManager:220 - loadIPPluginJar : add aes
2025-05-08 16:26:12,661 [INFO] IPUIPlugin:80 - create IPUIPlugin
2025-05-08 16:26:12,661 [INFO] PluginManager:220 - loadIPPluginJar : add can
2025-05-08 16:26:12,663 [INFO] IPUIPlugin:80 - create IPUIPlugin
2025-05-08 16:26:12,664 [INFO] PluginManager:220 - loadIPPluginJar : add comp
2025-05-08 16:26:12,667 [INFO] IPUIPlugin:80 - create IPUIPlugin
2025-05-08 16:26:12,667 [INFO] PluginManager:220 - loadIPPluginJar : add cryp
2025-05-08 16:26:12,672 [INFO] IPUIPlugin:80 - create IPUIPlugin
2025-05-08 16:26:12,673 [INFO] PluginManager:220 - loadIPPluginJar : add ddr_ctrl_phy
2025-05-08 16:26:12,679 [INFO] IPUIPlugin:80 - create IPUIPlugin
2025-05-08 16:26:12,679 [INFO] PluginManager:220 - loadIPPluginJar : add dfsdm
2025-05-08 16:26:12,687 [INFO] IPUIPlugin:80 - create IPUIPlugin
2025-05-08 16:26:12,688 [INFO] PluginManager:220 - loadIPPluginJar : add dma
2025-05-08 16:26:12,693 [INFO] IPUIPlugin:80 - create IPUIPlugin
2025-05-08 16:26:12,695 [INFO] PluginManager:220 - loadIPPluginJar : add dma3
2025-05-08 16:26:12,702 [INFO] IPUIPlugin:80 - create IPUIPlugin
2025-05-08 16:26:12,702 [INFO] PluginManager:220 - loadIPPluginJar : add extmemmanager
2025-05-08 16:26:12,706 [INFO] IPUIPlugin:80 - create IPUIPlugin
2025-05-08 16:26:12,707 [INFO] PluginManager:220 - loadIPPluginJar : add fatfs
2025-05-08 16:26:12,715 [INFO] IPUIPlugin:80 - create IPUIPlugin
2025-05-08 16:26:12,716 [INFO] PluginManager:220 - loadIPPluginJar : add fmc
2025-05-08 16:26:12,732 [INFO] IPUIPlugin:80 - create IPUIPlugin
2025-05-08 16:26:12,733 [INFO] PluginManager:220 - loadIPPluginJar : add freertos
2025-05-08 16:26:12,738 [INFO] IPUIPlugin:80 - create IPUIPlugin
2025-05-08 16:26:12,738 [INFO] PluginManager:220 - loadIPPluginJar : add genericplugin
2025-05-08 16:26:12,746 [INFO] IPUIPlugin:80 - create IPUIPlugin
2025-05-08 16:26:12,746 [INFO] PluginManager:220 - loadIPPluginJar : add gfxmmu
2025-05-08 16:26:12,759 [INFO] IPUIPlugin:80 - create IPUIPlugin
2025-05-08 16:26:12,760 [INFO] PluginManager:220 - loadIPPluginJar : add gic
2025-05-08 16:26:12,768 [INFO] IPUIPlugin:80 - create IPUIPlugin
2025-05-08 16:26:12,768 [INFO] PluginManager:220 - loadIPPluginJar : add gpio
2025-05-08 16:26:12,775 [INFO] IPUIPlugin:80 - create IPUIPlugin
2025-05-08 16:26:12,775 [INFO] PluginManager:220 - loadIPPluginJar : add gtzc
2025-05-08 16:26:12,782 [INFO] IPUIPlugin:80 - create IPUIPlugin
2025-05-08 16:26:12,783 [INFO] PluginManager:220 - loadIPPluginJar : add hash
2025-05-08 16:26:12,787 [INFO] IPUIPlugin:80 - create IPUIPlugin
2025-05-08 16:26:12,787 [INFO] PluginManager:220 - loadIPPluginJar : add i2c
2025-05-08 16:26:12,795 [INFO] IPUIPlugin:80 - create IPUIPlugin
2025-05-08 16:26:12,796 [INFO] PluginManager:220 - loadIPPluginJar : add i2s
2025-05-08 16:26:12,803 [INFO] IPUIPlugin:80 - create IPUIPlugin
2025-05-08 16:26:12,803 [INFO] PluginManager:220 - loadIPPluginJar : add i3c
2025-05-08 16:26:12,810 [INFO] IPUIPlugin:80 - create IPUIPlugin
2025-05-08 16:26:12,811 [INFO] PluginManager:220 - loadIPPluginJar : add ipddr
2025-05-08 16:26:12,825 [INFO] IPUIPlugin:80 - create IPUIPlugin
2025-05-08 16:26:12,825 [INFO] PluginManager:220 - loadIPPluginJar : add linkedlist
2025-05-08 16:26:12,829 [INFO] IPUIPlugin:80 - create IPUIPlugin
2025-05-08 16:26:12,829 [INFO] PluginManager:220 - loadIPPluginJar : add lorawan
2025-05-08 16:26:12,832 [INFO] IPUIPlugin:80 - create IPUIPlugin
2025-05-08 16:26:12,832 [INFO] PluginManager:220 - loadIPPluginJar : add ltdc
2025-05-08 16:26:12,839 [INFO] IPUIPlugin:80 - create IPUIPlugin
2025-05-08 16:26:12,839 [INFO] PluginManager:220 - loadIPPluginJar : add mdma
2025-05-08 16:26:12,844 [INFO] IPUIPlugin:80 - create IPUIPlugin
2025-05-08 16:26:12,845 [INFO] PluginManager:220 - loadIPPluginJar : add nvic
2025-05-08 16:26:12,850 [INFO] IPUIPlugin:80 - create IPUIPlugin
2025-05-08 16:26:12,850 [INFO] PluginManager:220 - loadIPPluginJar : add opamp
2025-05-08 16:26:12,857 [INFO] IPUIPlugin:80 - create IPUIPlugin
2025-05-08 16:26:12,858 [INFO] PluginManager:220 - loadIPPluginJar : add openamp
2025-05-08 16:26:12,867 [INFO] IPUIPlugin:80 - create IPUIPlugin
2025-05-08 16:26:12,867 [INFO] PluginManager:220 - loadIPPluginJar : add pdm2pcm
2025-05-08 16:26:12,882 [INFO] IPUIPlugin:80 - create IPUIPlugin
2025-05-08 16:26:12,887 [INFO] PluginManager:220 - loadIPPluginJar : add plateformsettings
2025-05-08 16:26:12,892 [INFO] IPUIPlugin:80 - create IPUIPlugin
2025-05-08 16:26:12,893 [INFO] PluginManager:220 - loadIPPluginJar : add quadspi
2025-05-08 16:26:12,896 [INFO] IPUIPlugin:80 - create IPUIPlugin
2025-05-08 16:26:12,897 [INFO] PluginManager:220 - loadIPPluginJar : add radio
2025-05-08 16:26:12,907 [INFO] IPUIPlugin:80 - create IPUIPlugin
2025-05-08 16:26:12,907 [INFO] PluginManager:220 - loadIPPluginJar : add resmgrutility
2025-05-08 16:26:12,916 [INFO] IPUIPlugin:80 - create IPUIPlugin
2025-05-08 16:26:12,916 [INFO] PluginManager:220 - loadIPPluginJar : add sai
2025-05-08 16:26:12,921 [INFO] IPUIPlugin:80 - create IPUIPlugin
2025-05-08 16:26:12,921 [INFO] PluginManager:220 - loadIPPluginJar : add spi
2025-05-08 16:26:12,932 [INFO] IPUIPlugin:80 - create IPUIPlugin
2025-05-08 16:26:12,933 [INFO] PluginManager:220 - loadIPPluginJar : add stm32_wpan
2025-05-08 16:26:12,938 [INFO] IPUIPlugin:80 - create IPUIPlugin
2025-05-08 16:26:12,939 [INFO] PluginManager:220 - loadIPPluginJar : add tim
2025-05-08 16:26:12,949 [INFO] IPUIPlugin:80 - create IPUIPlugin
2025-05-08 16:26:12,949 [INFO] PluginManager:220 - loadIPPluginJar : add touchsensing
2025-05-08 16:26:12,954 [INFO] IPUIPlugin:80 - create IPUIPlugin
2025-05-08 16:26:12,955 [INFO] PluginManager:220 - loadIPPluginJar : add tracer_emb
2025-05-08 16:26:12,959 [INFO] IPUIPlugin:80 - create IPUIPlugin
2025-05-08 16:26:12,959 [INFO] PluginManager:220 - loadIPPluginJar : add ts
2025-05-08 16:26:12,961 [INFO] IPUIPlugin:80 - create IPUIPlugin
2025-05-08 16:26:12,962 [INFO] PluginManager:220 - loadIPPluginJar : add tsc
2025-05-08 16:26:12,967 [INFO] IPUIPlugin:80 - create IPUIPlugin
2025-05-08 16:26:12,967 [INFO] PluginManager:220 - loadIPPluginJar : add ucpd
2025-05-08 16:26:12,972 [INFO] IPUIPlugin:80 - create IPUIPlugin
2025-05-08 16:26:12,973 [INFO] PluginManager:220 - loadIPPluginJar : add usart
2025-05-08 16:26:12,980 [INFO] IPUIPlugin:80 - create IPUIPlugin
2025-05-08 16:26:12,980 [INFO] PluginManager:220 - loadIPPluginJar : add usbx
2025-05-08 16:26:13,177 [FATAL] Updater:351 - Updater called before beeing initialized
2025-05-08 16:26:13,221 [INFO] RulesReader:64 - Compatibility file has been processed (297 Rules)
2025-05-08 16:26:13,239 [INFO] RulesReader:64 - Compatibility file has been processed (297 Rules)
2025-05-08 16:26:13,247 [INFO] CADModel:165 - CPN selected for project level
2025-05-08 16:26:13,247 [INFO] CADModel:114 - Register for checkConnection events
2025-05-08 16:26:13,247 [FATAL] Updater:351 - Updater called before beeing initialized
2025-05-08 16:26:13,248 [ERROR] CADModel:125 - Updater not yet initialized, retry later 
2025-05-08 16:26:13,500 [FATAL] Updater:351 - Updater called before beeing initialized
2025-05-08 16:26:13,502 [INFO] CADModel:165 - CPN selected for project level
2025-05-08 16:26:13,503 [INFO] CADModel:114 - Register for checkConnection events
2025-05-08 16:26:13,503 [FATAL] Updater:351 - Updater called before beeing initialized
2025-05-08 16:26:13,503 [ERROR] CADModel:125 - Updater not yet initialized, retry later 
2025-05-08 16:26:13,506 [FATAL] Updater:351 - Updater called before beeing initialized
2025-05-08 16:26:13,730 [FATAL] Updater:351 - Updater called before beeing initialized
2025-05-08 16:26:13,742 [INFO] DbMcusAds:53 - JSON generation date=Thu Mar 06 20:24:21 IST 2025 (1741272861825)
2025-05-08 16:26:13,742 [FATAL] Updater:351 - Updater called before beeing initialized
2025-05-08 16:26:13,840 [WARN] DetailPanel:346 - Failed to get advertising image, set to default
2025-05-08 16:26:14,263 [FATAL] Updater:351 - Updater called before beeing initialized
2025-05-08 16:26:14,267 [FATAL] Updater:351 - Updater called before beeing initialized
2025-05-08 16:26:14,268 [FATAL] Updater:351 - Updater called before beeing initialized
2025-05-08 16:26:14,268 [WARN] DetailPanel:346 - Failed to get advertising image, set to default
2025-05-08 16:26:14,269 [FATAL] Updater:351 - Updater called before beeing initialized
2025-05-08 16:26:14,334 [ERROR] Updater:1198 - MainUpdater not yet initialized. External WinMGr cannot be set.
2025-05-08 16:26:14,338 [INFO] Updater:1134 - Updater Version found : 6.13.0
2025-05-08 16:26:14,377 [INFO] ApplicationProperties:184 - Using Application install path: C:\ST\STM32CubeIDE_1.11.2\STM32CubeIDE\plugins\com.st.stm32cube.common.mx_6.13.0.202411220809
2025-05-08 16:26:14,622 [INFO] ThirdPartyUpdaterWithRetryManager:70 - Updater plugin not ready yet. [2/15]
2025-05-08 16:26:16,013 [ERROR] LogOutputStream:75 - [STDERR_REDIRECT] May 08, 2025 4:26:16 PM java.util.prefs.WindowsPreferences <init>
2025-05-08 16:26:16,017 [ERROR] LogOutputStream:75 - [STDERR_REDIRECT] WARNING: Could not open/create prefs root node Software\JavaSoft\Prefs at root 0xffffffff80000002. Windows RegCreateKeyEx(...) returned error code 5.
2025-05-08 16:26:16,018 [ERROR] LogOutputStream:75 - [STDERR_REDIRECT] 
2025-05-08 16:26:16,519 [INFO] MainUpdater:2872 - connection check result : 10
2025-05-08 16:26:16,521 [INFO] MainUpdater:289 - Updater Check For Update Now.
2025-05-08 16:26:16,521 [INFO] MicroXplorer:498 - Change Database Version : DB.6.0.130
2025-05-08 16:26:16,536 [INFO] McuFinderGlobals:63 - Set McuFinder mode to 2 (CubeIDE integrated)
2025-05-08 16:26:16,540 [INFO] UserAuth:486 - Internet connection configuration mode: 1
2025-05-08 16:26:16,579 [INFO] JxBrowserEngine:152 - Initiate JxBrowser Engine with user profile folder
2025-05-08 16:26:16,764 [INFO] CheckServerUpdateThread:120 - End of CheckServer Thread
2025-05-08 16:26:17,839 [INFO] WebApp:168 - Instantiating new browser for Auth
2025-05-08 16:26:18,069 [WARN] PackLoader:240 - Cannot read IP mode file for STMicroelectronics.FP-SNS-MOTENVWB1.1.4.0
2025-05-08 16:26:18,081 [WARN] PackLoader:240 - Cannot read IP mode file for STMicroelectronics.FP-ATR-ASTRA1.2.0.2
2025-05-08 16:26:18,090 [WARN] PackLoader:240 - Cannot read IP mode file for STMicroelectronics.FP-ATR-ASTRA1.2.0.1
2025-05-08 16:26:18,104 [WARN] PackLoader:240 - Cannot read IP mode file for STMicroelectronics.X-CUBE-SMBUS.2.1.0
2025-05-08 16:26:18,118 [WARN] PackLoader:240 - Cannot read IP mode file for STMicroelectronics.X-CUBE-WB05N.1.1.0
2025-05-08 16:26:18,129 [WARN] PackLoader:240 - Cannot read IP mode file for STMicroelectronics.X-CUBE-TOUCHGFX.4.23.0
2025-05-08 16:26:18,136 [WARN] PackLoader:240 - Cannot read IP mode file for STMicroelectronics.X-CUBE-TOUCHGFX.4.23.2
2025-05-08 16:26:18,175 [WARN] PackLoader:240 - Cannot read IP mode file for STMicroelectronics.X-CUBE-AZRTOS-F7.1.1.0
2025-05-08 16:26:18,189 [ERROR] RealEvaluatedCondition:428 - Found unsupported composite condition: CLASS='Data Exchange' GROUP='STM32_MetaDataManager'
2025-05-08 16:26:18,189 [ERROR] RealEvaluatedCondition:428 - Found unsupported composite condition: CLASS='Data Exchange' GROUP='STM32_MetaDataManager'
2025-05-08 16:26:18,190 [WARN] PackLoader:240 - Cannot read IP mode file for STMicroelectronics.FP-SNS-MOTENV1.4.3.0
2025-05-08 16:26:18,200 [WARN] PackLoader:240 - Cannot read IP mode file for STMicroelectronics.FP-SNS-MOTENV1.4.3.2
2025-05-08 16:26:18,213 [WARN] PackLoader:240 - Cannot read IP mode file for STMicroelectronics.FP-SNS-FLIGHT1.5.0.0
2025-05-08 16:26:18,221 [ERROR] RealEvaluatedCondition:428 - Found unsupported composite condition: GROUP='STM32_MetaDataManager' CLASS='Data Exchange'
2025-05-08 16:26:18,221 [ERROR] RealEvaluatedCondition:428 - Found unsupported composite condition: CLASS='Data Exchange' GROUP='STM32_MetaDataManager'
2025-05-08 16:26:18,222 [WARN] PackLoader:240 - Cannot read IP mode file for STMicroelectronics.FP-SNS-MOTENV1.4.3.1
2025-05-08 16:26:18,231 [WARN] PackLoader:240 - Cannot read IP mode file for STMicroelectronics.FP-SNS-FLIGHT1.5.0.1
2025-05-08 16:26:18,323 [WARN] PackLoader:240 - Cannot read IP mode file for STMicroelectronics.X-CUBE-MEMS1.11.0.0
2025-05-08 16:26:18,503 [WARN] PackLoader:240 - Cannot read IP mode file for STMicroelectronics.X-CUBE-BLE1.6.2.4
2025-05-08 16:26:18,515 [WARN] PackLoader:240 - Cannot read IP mode file for STMicroelectronics.FP-SNS-FLIGHT1.5.0.2
2025-05-08 16:26:18,548 [WARN] PackLoader:240 - Cannot read IP mode file for Infineon.AIROC-Wi-Fi-Bluetooth-STM32.1.7.0
2025-05-08 16:26:18,565 [WARN] PackLoader:240 - Cannot read IP mode file for STMicroelectronics.X-CUBE-DISPLAY.3.0.0
2025-05-08 16:26:18,574 [WARN] PackLoader:240 - Cannot read IP mode file for STMicroelectronics.X-CUBE-BLE1.7.0.0
2025-05-08 16:26:18,582 [WARN] PackLoader:240 - Cannot read IP mode file for STMicroelectronics.X-CUBE-NFC10.1.0.0
2025-05-08 16:26:18,596 [WARN] PackLoader:240 - Cannot read IP mode file for STMicroelectronics.X-CUBE-BLEMGR.4.0.0
2025-05-08 16:26:18,609 [WARN] PackLoader:240 - Cannot read IP mode file for emotas.I-CUBE-CANOPEN.1.3.0
2025-05-08 16:26:18,613 [WARN] PackLoader:240 - Cannot read IP mode file for STMicroelectronics.X-CUBE-TOUCHGFX.4.22.0
2025-05-08 16:26:18,618 [WARN] PackLoader:240 - Cannot read IP mode file for STMicroelectronics.X-CUBE-TOUCHGFX.4.22.1
2025-05-08 16:26:18,638 [WARN] PackLoader:240 - Cannot read IP mode file for STMicroelectronics.X-CUBE-BLEMGR.3.1.0
2025-05-08 16:26:18,653 [WARN] PackLoader:240 - Cannot read IP mode file for STMicroelectronics.X-CUBE-AI.10.0.0
2025-05-08 16:26:18,660 [WARN] PackLoader:240 - Cannot read IP mode file for STMicroelectronics.FP-SNS-SMARTAG2.1.2.0
2025-05-08 16:26:18,665 [WARN] PackLoader:240 - Cannot read IP mode file for STMicroelectronics.FP-SNS-FLIGHT1.5.1.0
2025-05-08 16:26:18,765 [WARN] PackLoader:240 - Cannot read IP mode file for STMicroelectronics.X-CUBE-MEMS1.11.1.0
2025-05-08 16:26:19,044 [INFO] LogOutputStream:77 - [STDOUT_REDIRECT] 1 : Invalid condition id : UX_CORESTACK_Condition cause : null
2025-05-08 16:26:19,045 [INFO] LogOutputStream:77 - [STDOUT_REDIRECT] 1 : Invalid condition id : UX_CORESTACK_Condition cause : null
2025-05-08 16:26:19,046 [INFO] LogOutputStream:77 - [STDOUT_REDIRECT] 1 : Invalid condition id : UX_CORESTACK_Condition cause : null
2025-05-08 16:26:19,047 [INFO] LogOutputStream:77 - [STDOUT_REDIRECT] 1 : Invalid condition id : UX_CORESTACK_Condition cause : null
2025-05-08 16:26:19,049 [INFO] LogOutputStream:77 - [STDOUT_REDIRECT] 1 : Invalid condition id : UX_CORESTACK_Condition cause : null
2025-05-08 16:26:19,054 [WARN] PackLoader:240 - Cannot read IP mode file for STMicroelectronics.X-CUBE-AZRTOS-WL.2.0.0
2025-05-08 16:26:19,064 [WARN] PackLoader:240 - Cannot read IP mode file for STMicroelectronics.FP-SNS-MOTENV1.5.0.0
2025-05-08 16:26:19,078 [WARN] PackLoader:240 - Cannot read IP mode file for wolfSSL.I-CUBE-wolfMQTT.1.19.0
2025-05-08 16:26:19,108 [WARN] PackLoader:240 - Cannot read IP mode file for WES.I-CUBE-Cesium.1.3.0
2025-05-08 16:26:19,136 [WARN] PackLoader:240 - Cannot read IP mode file for STMicroelectronics.X-CUBE-BLE2.3.3.0
2025-05-08 16:26:19,149 [INFO] WebApp:449 - Apply proxy settings
2025-05-08 16:26:19,149 [INFO] WebApp:534 - Chromium requires no authentication
2025-05-08 16:26:19,152 [WARN] PackLoader:240 - Cannot read IP mode file for STMicroelectronics.X-CUBE-TOF1.3.2.0
2025-05-08 16:26:19,165 [INFO] WebApp:477 - Direct internet connection detected
2025-05-08 16:26:19,167 [WARN] PackLoader:240 - Cannot read IP mode file for STMicroelectronics.X-CUBE-NFC9.1.0.0
2025-05-08 16:26:19,181 [WARN] PackLoader:240 - Cannot read IP mode file for STMicroelectronics.X-CUBE-BLE1.7.1.0
2025-05-08 16:26:19,188 [WARN] PackLoader:240 - Cannot read IP mode file for STMicroelectronics.X-CUBE-TCPP.4.1.0
2025-05-08 16:26:19,193 [WARN] PackLoader:240 - Cannot read IP mode file for STMicroelectronics.X-CUBE-TOUCHGFX.4.21.1
2025-05-08 16:26:19,197 [WARN] PackLoader:240 - Cannot read IP mode file for STMicroelectronics.X-CUBE-TOUCHGFX.4.21.3
2025-05-08 16:26:19,202 [WARN] PackLoader:240 - Cannot read IP mode file for STMicroelectronics.X-CUBE-TOUCHGFX.4.21.4
2025-05-08 16:26:19,210 [WARN] PackLoader:240 - Cannot read IP mode file for STMicroelectronics.X-CUBE-ALGOBUILD.1.3.0
2025-05-08 16:26:19,210 [INFO] WebApp:880 - Register for checkConnection events
2025-05-08 16:26:19,210 [INFO] WebApp:449 - Apply proxy settings
2025-05-08 16:26:19,211 [INFO] WebApp:534 - Chromium requires no authentication
2025-05-08 16:26:19,212 [INFO] WebApp:477 - Direct internet connection detected
2025-05-08 16:26:19,253 [WARN] PackLoader:240 - Cannot read IP mode file for STMicroelectronics.X-CUBE-MEMS1.11.2.0
2025-05-08 16:26:19,358 [WARN] PackLoader:240 - Cannot read IP mode file for STMicroelectronics.X-CUBE-AZRTOS-G0.1.1.0
2025-05-08 16:26:19,370 [WARN] PackLoader:240 - Cannot read IP mode file for STMicroelectronics.X-CUBE-SAFEA1.1.2.2
2025-05-08 16:26:19,381 [WARN] PackLoader:240 - Cannot read IP mode file for STMicroelectronics.X-CUBE-NFC4.3.0.0
2025-05-08 16:26:19,405 [WARN] PackLoader:240 - Cannot read IP mode file for EmbeddedOffice.I-CUBE-FS-RTOS.1.0.1
2025-05-08 16:26:19,415 [WARN] PackLoader:240 - Cannot read IP mode file for STMicroelectronics.X-CUBE-WB05N.2.0.0
2025-05-08 16:26:19,433 [WARN] PackLoader:240 - Cannot read IP mode file for STMicroelectronics.X-CUBE-BLEMGR.3.0.0
2025-05-08 16:26:19,446 [WARN] PackLoader:240 - Cannot read IP mode file for STMicroelectronics.X-CUBE-BLEMGR.1.3.0
2025-05-08 16:26:19,455 [WARN] PackLoader:240 - Cannot read IP mode file for STMicroelectronics.X-CUBE-TCPP.4.2.0
2025-05-08 16:26:19,463 [WARN] PackLoader:240 - Cannot read IP mode file for RealThread.X-CUBE-RT-Thread_Nano.4.1.1
2025-05-08 16:26:19,472 [WARN] PackLoader:240 - Cannot read IP mode file for STMicroelectronics.FP-ATR-SIGFOX1.3.2.0
2025-05-08 16:26:19,478 [WARN] ConditionMgr:438 - getConditionDescription Invalid condition id : Cortex-A Device cause : null
2025-05-08 16:26:19,502 [WARN] ConditionMgr:1044 - genDependencies : Invalid condition id : Cortex-A Device cause : null
2025-05-08 16:26:19,502 [WARN] ConditionMgr:1044 - genDependencies : Invalid condition id : Cortex-A Device cause : null
2025-05-08 16:26:19,502 [WARN] ConditionMgr:1044 - genDependencies : Invalid condition id : Cortex-A Device cause : null
2025-05-08 16:26:19,510 [WARN] PackLoader:240 - Cannot read IP mode file for STMicroelectronics.X-CUBE-EEPRMA1.5.1.0
2025-05-08 16:26:19,515 [WARN] PackLoader:240 - Cannot read IP mode file for wolfSSL.I-CUBE-wolfSSL.5.7.4
2025-05-08 16:26:19,524 [WARN] PackLoader:240 - Cannot read IP mode file for ITTIA_DB.I-CUBE-ITTIADB.8.9.0
2025-05-08 16:26:19,528 [INFO] WebApp:221 - Starting web application
2025-05-08 16:26:19,529 [INFO] WebApp:579 - Web application path used C:\ST\STM32CubeIDE_1.11.2\STM32CubeIDE\plugins\com.st.stm32cube.common.mx_6.13.0.202411220809\db\plugins\mcufinder\reactClient1\index.html
2025-05-08 16:26:19,575 [WARN] PackLoader:240 - Cannot read IP mode file for STMicroelectronics.X-CUBE-MEMS1.9.5.0
2025-05-08 16:26:19,666 [INFO] UserAuth:486 - Internet connection configuration mode: 1
2025-05-08 16:26:19,728 [WARN] PackLoader:240 - Cannot read IP mode file for SEGGER.I-CUBE-embOS.1.3.1
2025-05-08 16:26:19,795 [WARN] PackLoader:240 - Cannot read IP mode file for STMicroelectronics.X-CUBE-ALGOBUILD.1.4.0
2025-05-08 16:26:19,809 [WARN] PackLoader:240 - Cannot read IP mode file for STMicroelectronics.X-CUBE-AI.9.1.0
2025-05-08 16:26:19,818 [WARN] PackLoader:240 - Cannot read IP mode file for STMicroelectronics.X-CUBE-GNSS1.6.0.0
2025-05-08 16:26:19,863 [WARN] PackLoader:240 - Cannot read IP mode file for STMicroelectronics.X-CUBE-AZRTOS-F4.1.1.0
2025-05-08 16:26:19,882 [WARN] PackLoader:240 - Cannot read IP mode file for Avnet-IotConnect.X-CUBE-IoTC-DA16k-PMOD.1.0.0
2025-05-08 16:26:19,892 [WARN] PackLoader:240 - Cannot read IP mode file for STMicroelectronics.X-CUBE-ISPU.2.1.0
2025-05-08 16:26:19,906 [WARN] PackLoader:240 - Cannot read IP mode file for STMicroelectronics.X-CUBE-FREERTOS.1.2.0
2025-05-08 16:26:19,925 [WARN] PackLoader:240 - Cannot read IP mode file for STMicroelectronics.X-CUBE-AZRTOS-L5.2.0.0
2025-05-08 16:26:19,982 [WARN] PackLoader:240 - Cannot read IP mode file for STMicroelectronics.X-CUBE-MEMS1.9.6.0
2025-05-08 16:26:20,026 [INFO] WebApp:187 - Connection restablished
2025-05-08 16:26:20,123 [WARN] PackLoader:240 - Cannot read IP mode file for STMicroelectronics.X-CUBE-EEPRMA1.4.2.0
2025-05-08 16:26:20,129 [WARN] PackLoader:240 - Cannot read IP mode file for STMicroelectronics.X-CUBE-NFC6.3.1.0
2025-05-08 16:26:20,136 [WARN] PackLoader:240 - Cannot read IP mode file for ITTIA_DB.I-CUBE-ITTIADB.8.8.0
2025-05-08 16:26:20,142 [WARN] PackLoader:240 - Cannot read IP mode file for emotas.I-CUBE-CANOPEN.1.1.3
2025-05-08 16:26:20,152 [WARN] PackLoader:240 - Cannot read IP mode file for STMicroelectronics.X-CUBE-BLEMGR.2.0.0
2025-05-08 16:26:20,158 [WARN] PackLoader:240 - Cannot read IP mode file for STMicroelectronics.X-CUBE-DPower.1.2.0
2025-05-08 16:26:20,164 [WARN] PackLoader:240 - Cannot read IP mode file for STMicroelectronics.X-CUBE-AI.9.0.0
2025-05-08 16:26:20,180 [WARN] ConditionMgr:438 - getConditionDescription Invalid condition id : UX DEVICE CLASS RTOS Condition cause : null
2025-05-08 16:26:20,181 [WARN] ConditionMgr:438 - getConditionDescription Invalid condition id : UX DEVICE CLASS RTOS Condition cause : null
2025-05-08 16:26:20,184 [WARN] PackLoader:240 - Cannot read IP mode file for STMicroelectronics.X-CUBE-AZRTOS-H7.3.1.0
2025-05-08 16:26:20,185 [WARN] ConditionMgr:1044 - genDependencies : Invalid condition id : UX DEVICE CLASS RTOS Condition cause : null
2025-05-08 16:26:20,185 [WARN] ConditionMgr:1044 - genDependencies : Invalid condition id : UX DEVICE CLASS RTOS Condition cause : null
2025-05-08 16:26:20,186 [WARN] ConditionMgr:1044 - genDependencies : Invalid condition id : UX DEVICE CLASS RTOS Condition cause : null
2025-05-08 16:26:20,186 [WARN] ConditionMgr:1044 - genDependencies : Invalid condition id : UX DEVICE CLASS RTOS Condition cause : null
2025-05-08 16:26:20,186 [WARN] ConditionMgr:1044 - genDependencies : Invalid condition id : UX DEVICE CLASS RTOS Condition cause : null
2025-05-08 16:26:20,193 [WARN] PackLoader:240 - Cannot read IP mode file for wolfSSL.I-CUBE-wolfSSL.5.5.4
2025-05-08 16:26:20,198 [WARN] PackLoader:240 - Cannot read IP mode file for STMicroelectronics.X-CUBE-FREERTOS.1.3.0
2025-05-08 16:26:20,207 [WARN] PackLoader:240 - Cannot read IP mode file for STMicroelectronics.X-CUBE-NFC7.1.0.1
2025-05-08 16:26:20,213 [WARN] PackLoader:240 - Cannot read IP mode file for STMicroelectronics.X-CUBE-NFC7.1.0.0
2025-05-08 16:26:20,220 [WARN] PackLoader:240 - Cannot read IP mode file for wolfSSL.I-CUBE-wolfTPM.3.2.0
2025-05-08 16:26:20,230 [WARN] PackLoader:240 - Cannot read IP mode file for STMicroelectronics.X-CUBE-NFC6.3.0.0
2025-05-08 16:26:20,243 [WARN] PackLoader:240 - Cannot read IP mode file for STMicroelectronics.X-CUBE-EEPRMA1.4.1.0
2025-05-08 16:26:20,254 [WARN] PackLoader:240 - Cannot read IP mode file for STMicroelectronics.X-CUBE-DPower.1.3.0
2025-05-08 16:26:20,262 [WARN] PackLoader:240 - Cannot read IP mode file for STMicroelectronics.X-CUBE-AI.8.1.0
2025-05-08 16:26:20,292 [WARN] ConditionMgr:438 - getConditionDescription Invalid condition id : LAN8742 Phy interface Condition cause : null
2025-05-08 16:26:20,293 [WARN] PackLoader:240 - Cannot read IP mode file for STMicroelectronics.X-CUBE-AZRTOS-L4.2.0.0
2025-05-08 16:26:20,298 [WARN] ConditionMgr:1044 - genDependencies : Invalid condition id : LAN8742 Phy interface Condition cause : null
2025-05-08 16:26:20,298 [WARN] ConditionMgr:1044 - genDependencies : Invalid condition id : LAN8742 Phy interface Condition cause : null
2025-05-08 16:26:20,303 [WARN] ConditionMgr:1044 - genDependencies : Invalid condition id : LAN8742 Phy interface Condition cause : null
2025-05-08 16:26:20,314 [WARN] PackLoader:240 - Cannot read IP mode file for STMicroelectronics.X-CUBE-SFXS2LP1.4.0.0
2025-05-08 16:26:20,340 [WARN] PackLoader:240 - Cannot read IP mode file for STMicroelectronics.X-CUBE-AZRTOS-H7.3.0.0
2025-05-08 16:26:20,350 [WARN] PackLoader:240 - Cannot read IP mode file for STMicroelectronics.X-CUBE-ISPU.1.1.0
2025-05-08 16:26:20,378 [WARN] PackLoader:240 - Cannot read IP mode file for STMicroelectronics.X-CUBE-AZRTOS-H7.3.3.0
2025-05-08 16:26:20,389 [WARN] PackLoader:240 - Cannot read IP mode file for RoweBots.I-CUBE-UNISONRTOS.5.5.0-4
2025-05-08 16:26:20,394 [WARN] PackLoader:240 - Cannot read IP mode file for STMicroelectronics.X-CUBE-AI.8.0.0
2025-05-08 16:26:20,414 [WARN] PackLoader:240 - Cannot read IP mode file for STMicroelectronics.X-CUBE-IPS.3.0.0
2025-05-08 16:26:20,441 [WARN] ConditionMgr:438 - getConditionDescription Invalid condition id : UX DEVICE CLASS RTOS Condition cause : null
2025-05-08 16:26:20,441 [WARN] ConditionMgr:438 - getConditionDescription Invalid condition id : UX DEVICE CLASS RTOS Condition cause : null
2025-05-08 16:26:20,443 [WARN] PackLoader:240 - Cannot read IP mode file for STMicroelectronics.X-CUBE-AZRTOS-WB.2.0.0
2025-05-08 16:26:20,444 [WARN] ConditionMgr:1044 - genDependencies : Invalid condition id : UX DEVICE CLASS RTOS Condition cause : null
2025-05-08 16:26:20,445 [WARN] ConditionMgr:1044 - genDependencies : Invalid condition id : UX DEVICE CLASS RTOS Condition cause : null
2025-05-08 16:26:20,445 [WARN] ConditionMgr:1044 - genDependencies : Invalid condition id : UX DEVICE CLASS RTOS Condition cause : null
2025-05-08 16:26:20,446 [WARN] ConditionMgr:1044 - genDependencies : Invalid condition id : UX DEVICE CLASS RTOS Condition cause : null
2025-05-08 16:26:20,446 [WARN] ConditionMgr:1044 - genDependencies : Invalid condition id : UX DEVICE CLASS RTOS Condition cause : null
2025-05-08 16:26:20,457 [WARN] PackLoader:240 - Cannot read IP mode file for STMicroelectronics.X-CUBE-FREERTOS.1.0.0
2025-05-08 16:26:20,469 [WARN] PackLoader:240 - Cannot read IP mode file for STMicroelectronics.X-CUBE-FREERTOS.1.0.1
2025-05-08 16:26:20,480 [WARN] PackLoader:240 - Cannot read IP mode file for STMicroelectronics.X-CUBE-GNSS1.7.0.0
2025-05-08 16:26:20,491 [WARN] PackLoader:240 - Cannot read IP mode file for STMicroelectronics.X-CUBE-GNSS1.7.0.1
2025-05-08 16:26:20,498 [WARN] PackLoader:240 - Cannot read IP mode file for STMicroelectronics.X-CUBE-TOUCHGFX.4.25.0
2025-05-08 16:26:20,507 [WARN] PackLoader:240 - Cannot read IP mode file for STMicroelectronics.FP-SNS-STBOX1.2.0.0
2025-05-08 16:26:20,523 [WARN] PackLoader:240 - Cannot read IP mode file for STMicroelectronics.X-CUBE-AZRTOS-L5.1.1.0
2025-05-08 16:26:20,530 [WARN] PackLoader:240 - Cannot read IP mode file for STMicroelectronics.X-CUBE-AI.8.0.1
2025-05-08 16:26:20,544 [WARN] PackLoader:240 - Cannot read IP mode file for STMicroelectronics.X-CUBE-SUBG2.5.0.0
2025-05-08 16:26:20,582 [WARN] PackLoader:240 - Cannot read IP mode file for STMicroelectronics.X-CUBE-AZRTOS-H7RS.1.1.0
2025-05-08 16:26:20,591 [WARN] PackLoader:240 - Cannot read IP mode file for Cesanta.I-CUBE-Mongoose.7.13.0
2025-05-08 16:26:20,604 [WARN] PackLoader:240 - Cannot read IP mode file for STMicroelectronics.X-CUBE-TOF1.3.3.1
2025-05-08 16:26:20,628 [WARN] PackLoader:240 - Cannot read IP mode file for STMicroelectronics.X-CUBE-AZRTOS-G4.2.0.0
2025-05-08 16:26:20,641 [WARN] PackLoader:240 - Cannot read IP mode file for STMicroelectronics.X-CUBE-TOF1.3.3.0
2025-05-08 16:26:20,653 [WARN] PackLoader:240 - Cannot read IP mode file for STMicroelectronics.FP-ATR-ASTRA1.1.1.1
2025-05-08 16:26:20,668 [WARN] PackLoader:240 - Cannot read IP mode file for Infineon.AIROC-Wi-Fi-Bluetooth-STM32.1.5.1
2025-05-08 16:26:20,675 [WARN] PackLoader:240 - Cannot read IP mode file for STMicroelectronics.FP-SNS-MOTENVWB1.1.3.0
2025-05-08 16:26:20,681 [WARN] PackLoader:240 - Cannot read IP mode file for STMicroelectronics.X-CUBE-NFC7.2.0.0
2025-05-08 16:26:20,687 [WARN] PackLoader:240 - Cannot read IP mode file for STMicroelectronics.FP-SNS-MOTENVWB1.1.3.1
2025-05-08 16:26:20,700 [WARN] PackLoader:240 - Cannot read IP mode file for STMicroelectronics.X-CUBE-AZRTOS-G4.1.0.0
2025-05-08 16:26:20,713 [WARN] PackLoader:240 - Cannot read IP mode file for STMicroelectronics.X-CUBE-AZRTOS-L4.1.0.0
2025-05-08 16:26:20,720 [WARN] PackLoader:240 - Cannot read IP mode file for STMicroelectronics.X-CUBE-ISPU.2.0.0
2025-05-08 16:26:20,729 [WARN] PackLoader:240 - Cannot read IP mode file for STMicroelectronics.X-CUBE-IPS.3.1.0
2025-05-08 16:26:20,740 [WARN] PackLoader:240 - Cannot read IP mode file for STMicroelectronics.X-CUBE-ALS.1.0.2
2025-05-08 16:26:20,777 [WARN] PackLoader:240 - Cannot read IP mode file for STMicroelectronics.X-CUBE-MEMS1.10.0.0
2025-05-08 16:26:20,878 [WARN] PackLoader:240 - Cannot read IP mode file for STMicroelectronics.X-CUBE-FREERTOS.1.1.0
2025-05-08 16:26:20,883 [WARN] PackLoader:240 - Cannot read IP mode file for STMicroelectronics.X-CUBE-TOUCHGFX.4.24.0
2025-05-08 16:26:20,889 [WARN] PackLoader:240 - Cannot read IP mode file for STMicroelectronics.X-CUBE-TOUCHGFX.4.24.2
2025-05-08 16:26:20,904 [WARN] PackLoader:240 - Cannot read IP mode file for STMicroelectronics.X-CUBE-AZRTOS-WL.1.0.0
2025-05-08 16:26:20,909 [WARN] PackLoader:240 - Cannot read IP mode file for STMicroelectronics.X-CUBE-TOUCHGFX.4.24.1
2025-05-08 16:26:20,914 [WARN] PackLoader:240 - Cannot read IP mode file for wolfSSL.I-CUBE-wolfTPM.3.4.0
2025-05-08 16:26:20,921 [WARN] PackLoader:240 - Cannot read IP mode file for portGmbH.I-Cube-SoM-uGOAL.1.1.0
2025-05-08 16:26:20,927 [WARN] PackLoader:240 - Cannot read IP mode file for STMicroelectronics.X-CUBE-ALS.1.0.1
2025-05-08 16:26:20,944 [WARN] PackLoader:240 - Cannot read IP mode file for STMicroelectronics.X-CUBE-AZRTOS-WB.1.1.0
2025-05-08 16:26:20,967 [WARN] PackLoader:240 - Cannot read IP mode file for STMicroelectronics.X-CUBE-AZRTOS-H7RS.1.0.0
2025-05-08 16:26:20,975 [WARN] PackLoader:240 - Cannot read IP mode file for STMicroelectronics.FP-ATR-ASTRA1.2.0.0
2025-05-08 16:26:20,986 [WARN] PackLoader:240 - Cannot read IP mode file for STMicroelectronics.X-CUBE-TOF1.3.4.2
2025-05-08 16:26:21,009 [WARN] PackLoader:240 - Cannot read IP mode file for STMicroelectronics.X-CUBE-TOF1.3.4.3
2025-05-08 16:26:21,027 [WARN] PackLoader:240 - Cannot read IP mode file for STMicroelectronics.X-CUBE-TOF1.3.4.0
2025-05-08 16:26:21,045 [WARN] PackLoader:240 - Cannot read IP mode file for STMicroelectronics.X-CUBE-TOF1.3.4.1
2025-05-08 16:26:21,066 [WARN] PackLoader:240 - Cannot read IP mode file for STMicroelectronics.X-CUBE-AZRTOS-H7.3.2.0
2025-05-08 16:26:21,075 [WARN] PackLoader:240 - Cannot read IP mode file for wolfSSL.I-CUBE-wolfSSH.1.4.17
2025-05-08 16:26:21,076 [INFO] ThirdParty:978 - Integrity check success = true
2025-05-08 16:26:21,076 [INFO] IntegrityCheckThread:100 - exiting critical section [integrity check]
2025-05-08 16:26:21,076 [INFO] IntegrityCheckThread:103 - End integrity checks thread
2025-05-08 16:41:37,362 [ERROR] LogOutputStream:75 - [STDERR_REDIRECT] 
2025-05-08 16:41:49,714 [INFO] Activator:176 - 


2025-05-08 16:41:49,727 [INFO] Activator:177 - !SESSION log4j initialized
2025-05-08 16:41:54,734 [INFO] LogOutputStream:77 - [STDOUT_REDIRECT] 
2025-05-08 16:41:55,706 [INFO] ApplicationProperties:184 - Using Application install path: C:\ST\STM32CubeIDE_1.11.2\STM32CubeIDE\plugins\com.st.stm32cube.common.mx_6.13.0.202411220809
2025-05-08 16:41:55,719 [INFO] DbMcusXml:78 - Set database path to: C:\ST\STM32CubeIDE_1.11.2\STM32CubeIDE\plugins\com.st.stm32cube.common.mx_6.13.0.202411220809\\db\/mcu/
2025-05-08 16:41:55,719 [INFO] ApiDb:274 - Set plugin database path to: C:\ST\STM32CubeIDE_1.11.2\STM32CubeIDE\plugins\com.st.stm32cube.common.mx_6.13.0.202411220809\\db\/plugins/boardmanager/
2025-05-08 16:41:55,719 [WARN] ApiDb:259 - Overriding images path with different value:  => C:\ST\STM32CubeIDE_1.11.2\STM32CubeIDE\plugins\com.st.stm32cube.common.mx_6.13.0.202411220809\\db\/plugins/mcufinder/images/
2025-05-08 16:41:55,724 [INFO] ApiDb:250 - Set database path to: C:\Users\yunus\.stmcufinder\plugins\mcufinder//mcu/
2025-05-08 16:41:55,725 [INFO] DbMcusAds:125 - Set database path to: C:\Users\yunus\.stmcufinder\plugins\mcufinder//mcu/
2025-05-08 16:41:55,727 [INFO] CrossReferenceDbSqlite:203 - Set database path to: C:\Users\yunus\.stmcufinder\plugins\mcufinder//mcu/cs/
2025-05-08 16:41:55,822 [INFO] RulesReader:64 - Compatibility file has been processed (297 Rules)
2025-05-08 16:41:55,890 [INFO] DbMcusXml:78 - Set database path to: C:\ST\STM32CubeIDE_1.11.2\STM32CubeIDE\plugins\com.st.stm32cube.common.mx_6.13.0.202411220809\\db\/mcu/
2025-05-08 16:41:55,890 [INFO] ApiDb:274 - Set plugin database path to: C:\ST\STM32CubeIDE_1.11.2\STM32CubeIDE\plugins\com.st.stm32cube.common.mx_6.13.0.202411220809\\db\/plugins/boardmanager/
2025-05-08 16:41:55,890 [INFO] ApiDb:261 - Set plugin images path to: C:\ST\STM32CubeIDE_1.11.2\STM32CubeIDE\plugins\com.st.stm32cube.common.mx_6.13.0.202411220809\\db\/plugins/mcufinder/images/
2025-05-08 16:41:55,890 [WARN] DbFile:41 - Overriding database path with different value: C:\Users\yunus\.stmcufinder\plugins\mcufinder/ => C:\Users\yunus\.stmcufinder\plugins\mcufinder
2025-05-08 16:41:55,890 [INFO] ApiDb:250 - Set database path to: C:\Users\yunus\.stmcufinder\plugins\mcufinder//mcu/
2025-05-08 16:41:55,891 [WARN] DbFile:41 - Overriding database path with different value: C:\Users\yunus\.stmcufinder\plugins\mcufinder/ => C:\Users\yunus\.stmcufinder\plugins\mcufinder
2025-05-08 16:41:55,891 [INFO] DbMcusAds:125 - Set database path to: C:\Users\yunus\.stmcufinder\plugins\mcufinder//mcu/
2025-05-08 16:41:55,891 [WARN] DbFile:41 - Overriding database path with different value: C:\Users\yunus\.stmcufinder\plugins\mcufinder/ => C:\Users\yunus\.stmcufinder\plugins\mcufinder
2025-05-08 16:41:55,891 [WARN] DbFile:41 - Overriding database path with different value: C:\Users\yunus\.stmcufinder\plugins\mcufinder/ => C:\Users\yunus\.stmcufinder\plugins\mcufinder
2025-05-08 16:41:55,891 [INFO] CrossReferenceDbSqlite:203 - Set database path to: C:\Users\yunus\.stmcufinder\plugins\mcufinder//mcu/cs/
2025-05-08 16:41:55,958 [INFO] MainPanel:272 - HeapMemory: 268435456
2025-05-08 16:41:56,046 [INFO] DbMcusXml:78 - Set database path to: C:\ST\STM32CubeIDE_1.11.2\STM32CubeIDE\plugins\com.st.stm32cube.common.mx_6.13.0.202411220809\\db\/mcu/
2025-05-08 16:41:56,046 [INFO] ApiDb:274 - Set plugin database path to: C:\ST\STM32CubeIDE_1.11.2\STM32CubeIDE\plugins\com.st.stm32cube.common.mx_6.13.0.202411220809\\db\/plugins/boardmanager/
2025-05-08 16:41:56,046 [INFO] ApiDb:261 - Set plugin images path to: C:\ST\STM32CubeIDE_1.11.2\STM32CubeIDE\plugins\com.st.stm32cube.common.mx_6.13.0.202411220809\\db\/plugins/mcufinder/images/
2025-05-08 16:41:56,048 [WARN] DbFile:41 - Overriding database path with different value: C:\Users\yunus\.stmcufinder\plugins\mcufinder/ => C:\Users\yunus\.stmcufinder\plugins\mcufinder
2025-05-08 16:41:56,048 [INFO] ApiDb:250 - Set database path to: C:\Users\yunus\.stmcufinder\plugins\mcufinder//mcu/
2025-05-08 16:41:56,048 [WARN] DbFile:41 - Overriding database path with different value: C:\Users\yunus\.stmcufinder\plugins\mcufinder/ => C:\Users\yunus\.stmcufinder\plugins\mcufinder
2025-05-08 16:41:56,048 [INFO] DbMcusAds:125 - Set database path to: C:\Users\yunus\.stmcufinder\plugins\mcufinder//mcu/
2025-05-08 16:41:56,048 [WARN] DbFile:41 - Overriding database path with different value: C:\Users\yunus\.stmcufinder\plugins\mcufinder/ => C:\Users\yunus\.stmcufinder\plugins\mcufinder
2025-05-08 16:41:56,048 [WARN] DbFile:41 - Overriding database path with different value: C:\Users\yunus\.stmcufinder\plugins\mcufinder/ => C:\Users\yunus\.stmcufinder\plugins\mcufinder
2025-05-08 16:41:56,048 [INFO] CrossReferenceDbSqlite:203 - Set database path to: C:\Users\yunus\.stmcufinder\plugins\mcufinder//mcu/cs/
2025-05-08 16:41:56,064 [INFO] ApplicationProperties:184 - Using Application install path: C:\ST\STM32CubeIDE_1.11.2\STM32CubeIDE\plugins\com.st.stm32cube.common.mx_6.13.0.202411220809
2025-05-08 16:41:56,065 [INFO] PluginManage:196 - Search for loadable plugins [exclusion list=, ]
2025-05-08 16:41:56,066 [INFO] PluginManage:310 - Check plugin analytics
2025-05-08 16:41:56,207 [INFO] AnalyticsPlugin:253 - Accepted Software Licenses: 
2025-05-08 16:41:56,207 [INFO] AnalyticsPlugin:255 - Accepted CMSIS Pack Licenses: 
2025-05-08 16:41:56,207 [INFO] AnalyticsPlugin:257 - Accepted Firmware Licenses: FW.F4.1.28.0
2025-05-08 16:41:56,209 [INFO] PluginManage:359 - Loaded plugin analytics (category:tool,tabindex:-1)
2025-05-08 16:41:56,210 [INFO] PluginManage:310 - Check plugin cadmodel
2025-05-08 16:41:56,215 [INFO] CADModel:105 - Init CAD model plugin
2025-05-08 16:41:56,215 [INFO] PluginManage:359 - Loaded plugin cadmodel (category:power,tabindex:5)
2025-05-08 16:41:56,215 [INFO] PluginManage:310 - Check plugin clock
2025-05-08 16:41:56,223 [INFO] PluginManage:359 - Loaded plugin clock (category:base,tabindex:2)
2025-05-08 16:41:56,223 [INFO] PluginManage:310 - Check plugin ddr
2025-05-08 16:41:56,228 [INFO] PluginManage:359 - Loaded plugin ddr (category:tool,tabindex:6)
2025-05-08 16:41:56,228 [INFO] PluginManage:310 - Check plugin filemanager
2025-05-08 16:41:56,343 [INFO] PluginManage:359 - Loaded plugin filemanager (category:base,tabindex:10)
2025-05-08 16:41:56,344 [INFO] PluginManage:310 - Check plugin ipmanager
2025-05-08 16:41:56,351 [INFO] PluginManage:359 - Loaded plugin ipmanager (category:base,tabindex:5)
2025-05-08 16:41:56,351 [INFO] PluginManage:310 - Check plugin lpbam
2025-05-08 16:41:56,357 [INFO] PluginManage:359 - Loaded plugin lpbam (category:base,tabindex:0)
2025-05-08 16:41:56,357 [INFO] PluginManage:310 - Check plugin memorymap
2025-05-08 16:41:56,368 [INFO] PluginManage:359 - Loaded plugin memorymap (category:base,tabindex:4)
2025-05-08 16:41:56,368 [INFO] PluginManage:310 - Check plugin pinoutandconfiguration
2025-05-08 16:41:56,373 [INFO] PluginManage:359 - Loaded plugin pinoutandconfiguration (category:base,tabindex:1)
2025-05-08 16:41:56,374 [INFO] PluginManage:310 - Check plugin pinoutconfig
2025-05-08 16:41:56,444 [WARN] SupportedApi:132 - Cannot load RTOS API schema: s4s-elt-must-match.1: The content of 'definitions' must match (annotation?, (simpleType | complexType)?, (unique | key | keyref)*)). A problem was found starting at: attribute.
2025-05-08 16:41:56,568 [INFO] PluginManage:359 - Loaded plugin pinoutconfig (category:base,tabindex:0)
2025-05-08 16:41:56,568 [INFO] PluginManage:310 - Check plugin power
2025-05-08 16:41:56,576 [INFO] PluginManage:359 - Loaded plugin power (category:power,tabindex:4)
2025-05-08 16:41:56,576 [INFO] PluginManage:310 - Check plugin projectmanager
2025-05-08 16:41:56,590 [INFO] PluginManage:359 - Loaded plugin projectmanager (category:projectmanager,tabindex:4)
2025-05-08 16:41:56,591 [INFO] PluginManage:310 - Check plugin rif
2025-05-08 16:41:56,596 [INFO] PluginManage:359 - Loaded plugin rif (category:base,tabindex:3)
2025-05-08 16:41:56,596 [INFO] PluginManage:310 - Check plugin thirdparty
2025-05-08 16:41:56,706 [INFO] PluginManage:359 - Loaded plugin thirdparty (category:base,tabindex:-1)
2025-05-08 16:41:56,706 [WARN] IntegrityCheckThread:84 - waiting for thirdparty lock release [integrity check]
2025-05-08 16:41:56,706 [INFO] PluginManage:310 - Check plugin tools
2025-05-08 16:41:56,706 [INFO] IntegrityCheckThread:86 - entering critical section [integrity check]
2025-05-08 16:41:56,706 [INFO] ThirdPartyUpdaterWithRetryManager:70 - Updater plugin not ready yet. [1/15]
2025-05-08 16:41:56,708 [INFO] PluginManage:359 - Loaded plugin tools (category:base,tabindex:7)
2025-05-08 16:41:56,708 [INFO] PluginManage:310 - Check plugin tutovideos
2025-05-08 16:41:56,843 [INFO] PluginManage:359 - Loaded plugin tutovideos (category:base,tabindex:-1)
2025-05-08 16:41:56,843 [INFO] PluginManage:310 - Check plugin updater
2025-05-08 16:41:56,859 [INFO] PluginManage:359 - Loaded plugin updater (category:base,tabindex:12)
2025-05-08 16:41:56,859 [INFO] PluginManage:310 - Check plugin userauth
2025-05-08 16:41:56,863 [INFO] UserAuth:118 - Init User Auth plugin
2025-05-08 16:41:56,864 [INFO] PluginManage:359 - Loaded plugin userauth (category:base,tabindex:14)
2025-05-08 16:41:56,864 [INFO] PluginManage:283 - PluginManage : Loaded plugins [18]
2025-05-08 16:41:57,058 [INFO] PinOutPanel:1589 - setPackage(No Configuration,No Configuration)
2025-05-08 16:41:57,149 [INFO] CADModel:165 - CPN selected for project level
2025-05-08 16:41:57,149 [INFO] CADModel:114 - Register for checkConnection events
2025-05-08 16:41:57,168 [INFO] IPUIPlugin:80 - create IPUIPlugin
2025-05-08 16:41:57,168 [INFO] PluginManager:220 - loadIPPluginJar : add adc
2025-05-08 16:41:57,171 [INFO] IPUIPlugin:80 - create IPUIPlugin
2025-05-08 16:41:57,171 [INFO] PluginManager:220 - loadIPPluginJar : add aes
2025-05-08 16:41:57,174 [INFO] IPUIPlugin:80 - create IPUIPlugin
2025-05-08 16:41:57,174 [INFO] PluginManager:220 - loadIPPluginJar : add can
2025-05-08 16:41:57,175 [INFO] IPUIPlugin:80 - create IPUIPlugin
2025-05-08 16:41:57,175 [INFO] PluginManager:220 - loadIPPluginJar : add comp
2025-05-08 16:41:57,177 [INFO] IPUIPlugin:80 - create IPUIPlugin
2025-05-08 16:41:57,178 [INFO] PluginManager:220 - loadIPPluginJar : add cryp
2025-05-08 16:41:57,180 [INFO] IPUIPlugin:80 - create IPUIPlugin
2025-05-08 16:41:57,181 [INFO] PluginManager:220 - loadIPPluginJar : add ddr_ctrl_phy
2025-05-08 16:41:57,183 [INFO] IPUIPlugin:80 - create IPUIPlugin
2025-05-08 16:41:57,183 [INFO] PluginManager:220 - loadIPPluginJar : add dfsdm
2025-05-08 16:41:57,189 [INFO] IPUIPlugin:80 - create IPUIPlugin
2025-05-08 16:41:57,189 [INFO] PluginManager:220 - loadIPPluginJar : add dma
2025-05-08 16:41:57,193 [INFO] IPUIPlugin:80 - create IPUIPlugin
2025-05-08 16:41:57,193 [INFO] PluginManager:220 - loadIPPluginJar : add dma3
2025-05-08 16:41:57,195 [INFO] IPUIPlugin:80 - create IPUIPlugin
2025-05-08 16:41:57,195 [INFO] PluginManager:220 - loadIPPluginJar : add extmemmanager
2025-05-08 16:41:57,197 [INFO] IPUIPlugin:80 - create IPUIPlugin
2025-05-08 16:41:57,197 [INFO] PluginManager:220 - loadIPPluginJar : add fatfs
2025-05-08 16:41:57,201 [INFO] IPUIPlugin:80 - create IPUIPlugin
2025-05-08 16:41:57,201 [INFO] PluginManager:220 - loadIPPluginJar : add fmc
2025-05-08 16:41:57,207 [INFO] IPUIPlugin:80 - create IPUIPlugin
2025-05-08 16:41:57,208 [INFO] PluginManager:220 - loadIPPluginJar : add freertos
2025-05-08 16:41:57,210 [INFO] IPUIPlugin:80 - create IPUIPlugin
2025-05-08 16:41:57,210 [INFO] PluginManager:220 - loadIPPluginJar : add genericplugin
2025-05-08 16:41:57,212 [INFO] IPUIPlugin:80 - create IPUIPlugin
2025-05-08 16:41:57,212 [INFO] PluginManager:220 - loadIPPluginJar : add gfxmmu
2025-05-08 16:41:57,217 [INFO] IPUIPlugin:80 - create IPUIPlugin
2025-05-08 16:41:57,217 [INFO] PluginManager:220 - loadIPPluginJar : add gic
2025-05-08 16:41:57,221 [INFO] IPUIPlugin:80 - create IPUIPlugin
2025-05-08 16:41:57,221 [INFO] PluginManager:220 - loadIPPluginJar : add gpio
2025-05-08 16:41:57,223 [INFO] IPUIPlugin:80 - create IPUIPlugin
2025-05-08 16:41:57,223 [INFO] PluginManager:220 - loadIPPluginJar : add gtzc
2025-05-08 16:41:57,226 [INFO] IPUIPlugin:80 - create IPUIPlugin
2025-05-08 16:41:57,226 [INFO] PluginManager:220 - loadIPPluginJar : add hash
2025-05-08 16:41:57,229 [INFO] IPUIPlugin:80 - create IPUIPlugin
2025-05-08 16:41:57,229 [INFO] PluginManager:220 - loadIPPluginJar : add i2c
2025-05-08 16:41:57,232 [INFO] IPUIPlugin:80 - create IPUIPlugin
2025-05-08 16:41:57,233 [INFO] PluginManager:220 - loadIPPluginJar : add i2s
2025-05-08 16:41:57,235 [INFO] IPUIPlugin:80 - create IPUIPlugin
2025-05-08 16:41:57,235 [INFO] PluginManager:220 - loadIPPluginJar : add i3c
2025-05-08 16:41:57,239 [INFO] IPUIPlugin:80 - create IPUIPlugin
2025-05-08 16:41:57,239 [INFO] PluginManager:220 - loadIPPluginJar : add ipddr
2025-05-08 16:41:57,246 [INFO] IPUIPlugin:80 - create IPUIPlugin
2025-05-08 16:41:57,246 [INFO] PluginManager:220 - loadIPPluginJar : add linkedlist
2025-05-08 16:41:57,249 [INFO] IPUIPlugin:80 - create IPUIPlugin
2025-05-08 16:41:57,249 [INFO] PluginManager:220 - loadIPPluginJar : add lorawan
2025-05-08 16:41:57,250 [INFO] IPUIPlugin:80 - create IPUIPlugin
2025-05-08 16:41:57,250 [INFO] PluginManager:220 - loadIPPluginJar : add ltdc
2025-05-08 16:41:57,256 [INFO] IPUIPlugin:80 - create IPUIPlugin
2025-05-08 16:41:57,257 [INFO] PluginManager:220 - loadIPPluginJar : add mdma
2025-05-08 16:41:57,260 [INFO] IPUIPlugin:80 - create IPUIPlugin
2025-05-08 16:41:57,260 [INFO] PluginManager:220 - loadIPPluginJar : add nvic
2025-05-08 16:41:57,263 [INFO] IPUIPlugin:80 - create IPUIPlugin
2025-05-08 16:41:57,263 [INFO] PluginManager:220 - loadIPPluginJar : add opamp
2025-05-08 16:41:57,266 [INFO] IPUIPlugin:80 - create IPUIPlugin
2025-05-08 16:41:57,266 [INFO] PluginManager:220 - loadIPPluginJar : add openamp
2025-05-08 16:41:57,270 [INFO] IPUIPlugin:80 - create IPUIPlugin
2025-05-08 16:41:57,270 [INFO] PluginManager:220 - loadIPPluginJar : add pdm2pcm
2025-05-08 16:41:57,276 [INFO] IPUIPlugin:80 - create IPUIPlugin
2025-05-08 16:41:57,278 [INFO] PluginManager:220 - loadIPPluginJar : add plateformsettings
2025-05-08 16:41:57,280 [INFO] IPUIPlugin:80 - create IPUIPlugin
2025-05-08 16:41:57,280 [INFO] PluginManager:220 - loadIPPluginJar : add quadspi
2025-05-08 16:41:57,283 [INFO] IPUIPlugin:80 - create IPUIPlugin
2025-05-08 16:41:57,284 [INFO] PluginManager:220 - loadIPPluginJar : add radio
2025-05-08 16:41:57,287 [INFO] IPUIPlugin:80 - create IPUIPlugin
2025-05-08 16:41:57,288 [INFO] PluginManager:220 - loadIPPluginJar : add resmgrutility
2025-05-08 16:41:57,291 [INFO] IPUIPlugin:80 - create IPUIPlugin
2025-05-08 16:41:57,291 [INFO] PluginManager:220 - loadIPPluginJar : add sai
2025-05-08 16:41:57,294 [INFO] IPUIPlugin:80 - create IPUIPlugin
2025-05-08 16:41:57,294 [INFO] PluginManager:220 - loadIPPluginJar : add spi
2025-05-08 16:41:57,299 [INFO] IPUIPlugin:80 - create IPUIPlugin
2025-05-08 16:41:57,299 [INFO] PluginManager:220 - loadIPPluginJar : add stm32_wpan
2025-05-08 16:41:57,301 [INFO] IPUIPlugin:80 - create IPUIPlugin
2025-05-08 16:41:57,301 [INFO] PluginManager:220 - loadIPPluginJar : add tim
2025-05-08 16:41:57,304 [INFO] IPUIPlugin:80 - create IPUIPlugin
2025-05-08 16:41:57,305 [INFO] PluginManager:220 - loadIPPluginJar : add touchsensing
2025-05-08 16:41:57,308 [INFO] IPUIPlugin:80 - create IPUIPlugin
2025-05-08 16:41:57,308 [INFO] PluginManager:220 - loadIPPluginJar : add tracer_emb
2025-05-08 16:41:57,310 [INFO] IPUIPlugin:80 - create IPUIPlugin
2025-05-08 16:41:57,310 [INFO] PluginManager:220 - loadIPPluginJar : add ts
2025-05-08 16:41:57,312 [INFO] IPUIPlugin:80 - create IPUIPlugin
2025-05-08 16:41:57,312 [INFO] PluginManager:220 - loadIPPluginJar : add tsc
2025-05-08 16:41:57,314 [INFO] IPUIPlugin:80 - create IPUIPlugin
2025-05-08 16:41:57,314 [INFO] PluginManager:220 - loadIPPluginJar : add ucpd
2025-05-08 16:41:57,317 [INFO] IPUIPlugin:80 - create IPUIPlugin
2025-05-08 16:41:57,317 [INFO] PluginManager:220 - loadIPPluginJar : add usart
2025-05-08 16:41:57,321 [INFO] IPUIPlugin:80 - create IPUIPlugin
2025-05-08 16:41:57,321 [INFO] PluginManager:220 - loadIPPluginJar : add usbx
2025-05-08 16:41:57,449 [FATAL] Updater:351 - Updater called before beeing initialized
2025-05-08 16:41:57,493 [INFO] RulesReader:64 - Compatibility file has been processed (297 Rules)
2025-05-08 16:41:57,502 [INFO] RulesReader:64 - Compatibility file has been processed (297 Rules)
2025-05-08 16:41:57,509 [INFO] CADModel:165 - CPN selected for project level
2025-05-08 16:41:57,509 [INFO] CADModel:114 - Register for checkConnection events
2025-05-08 16:41:57,509 [FATAL] Updater:351 - Updater called before beeing initialized
2025-05-08 16:41:57,509 [ERROR] CADModel:125 - Updater not yet initialized, retry later 
2025-05-08 16:41:57,627 [FATAL] Updater:351 - Updater called before beeing initialized
2025-05-08 16:41:57,628 [INFO] CADModel:165 - CPN selected for project level
2025-05-08 16:41:57,628 [INFO] CADModel:114 - Register for checkConnection events
2025-05-08 16:41:57,628 [FATAL] Updater:351 - Updater called before beeing initialized
2025-05-08 16:41:57,628 [ERROR] CADModel:125 - Updater not yet initialized, retry later 
2025-05-08 16:41:57,632 [FATAL] Updater:351 - Updater called before beeing initialized
2025-05-08 16:41:57,712 [FATAL] Updater:351 - Updater called before beeing initialized
2025-05-08 16:41:57,715 [INFO] DbMcusAds:53 - JSON generation date=Thu Mar 06 20:24:21 IST 2025 (1741272861825)
2025-05-08 16:41:57,715 [FATAL] Updater:351 - Updater called before beeing initialized
2025-05-08 16:41:57,745 [WARN] DetailPanel:346 - Failed to get advertising image, set to default
2025-05-08 16:41:57,956 [FATAL] Updater:351 - Updater called before beeing initialized
2025-05-08 16:41:57,959 [FATAL] Updater:351 - Updater called before beeing initialized
2025-05-08 16:41:57,959 [FATAL] Updater:351 - Updater called before beeing initialized
2025-05-08 16:41:57,959 [WARN] DetailPanel:346 - Failed to get advertising image, set to default
2025-05-08 16:41:57,960 [FATAL] Updater:351 - Updater called before beeing initialized
2025-05-08 16:41:58,003 [ERROR] Updater:1198 - MainUpdater not yet initialized. External WinMGr cannot be set.
2025-05-08 16:41:58,005 [INFO] Updater:1134 - Updater Version found : 6.13.0
2025-05-08 16:41:58,017 [INFO] ApplicationProperties:184 - Using Application install path: C:\ST\STM32CubeIDE_1.11.2\STM32CubeIDE\plugins\com.st.stm32cube.common.mx_6.13.0.202411220809
2025-05-08 16:41:59,586 [ERROR] LogOutputStream:75 - [STDERR_REDIRECT] May 08, 2025 4:41:59 PM java.util.prefs.WindowsPreferences <init>
2025-05-08 16:41:59,587 [ERROR] LogOutputStream:75 - [STDERR_REDIRECT] WARNING: Could not open/create prefs root node Software\JavaSoft\Prefs at root 0xffffffff80000002. Windows RegCreateKeyEx(...) returned error code 5.
2025-05-08 16:41:59,587 [ERROR] LogOutputStream:75 - [STDERR_REDIRECT] 
2025-05-08 16:41:59,708 [INFO] ThirdPartyUpdaterWithRetryManager:70 - Updater plugin not ready yet. [2/15]
2025-05-08 16:41:59,917 [INFO] MainUpdater:2872 - connection check result : 10
2025-05-08 16:41:59,917 [INFO] MainUpdater:289 - Updater Check For Update Now.
2025-05-08 16:41:59,917 [INFO] MicroXplorer:498 - Change Database Version : DB.6.0.130
2025-05-08 16:41:59,927 [INFO] McuFinderGlobals:63 - Set McuFinder mode to 2 (CubeIDE integrated)
2025-05-08 16:41:59,927 [INFO] UserAuth:486 - Internet connection configuration mode: 1
2025-05-08 16:41:59,951 [INFO] JxBrowserEngine:152 - Initiate JxBrowser Engine with user profile folder
2025-05-08 16:42:00,103 [INFO] CheckServerUpdateThread:120 - End of CheckServer Thread
2025-05-08 16:42:00,552 [INFO] WebApp:168 - Instantiating new browser for Auth
2025-05-08 16:42:01,208 [INFO] WebApp:449 - Apply proxy settings
2025-05-08 16:42:01,209 [INFO] WebApp:534 - Chromium requires no authentication
2025-05-08 16:42:01,219 [INFO] WebApp:477 - Direct internet connection detected
2025-05-08 16:42:01,246 [INFO] WebApp:880 - Register for checkConnection events
2025-05-08 16:42:01,246 [INFO] WebApp:449 - Apply proxy settings
2025-05-08 16:42:01,247 [INFO] WebApp:534 - Chromium requires no authentication
2025-05-08 16:42:01,247 [INFO] WebApp:477 - Direct internet connection detected
2025-05-08 16:42:01,408 [INFO] WebApp:221 - Starting web application
2025-05-08 16:42:01,408 [INFO] WebApp:579 - Web application path used C:\ST\STM32CubeIDE_1.11.2\STM32CubeIDE\plugins\com.st.stm32cube.common.mx_6.13.0.202411220809\db\plugins\mcufinder\reactClient1\index.html
2025-05-08 16:42:01,478 [INFO] UserAuth:486 - Internet connection configuration mode: 1
2025-05-08 16:42:01,873 [INFO] WebApp:187 - Connection restablished
2025-05-08 16:42:02,929 [WARN] PackLoader:240 - Cannot read IP mode file for STMicroelectronics.FP-SNS-MOTENVWB1.1.4.0
2025-05-08 16:42:02,937 [WARN] PackLoader:240 - Cannot read IP mode file for STMicroelectronics.FP-ATR-ASTRA1.2.0.2
2025-05-08 16:42:02,942 [WARN] PackLoader:240 - Cannot read IP mode file for STMicroelectronics.FP-ATR-ASTRA1.2.0.1
2025-05-08 16:42:02,950 [WARN] PackLoader:240 - Cannot read IP mode file for STMicroelectronics.X-CUBE-SMBUS.2.1.0
2025-05-08 16:42:02,958 [WARN] PackLoader:240 - Cannot read IP mode file for STMicroelectronics.X-CUBE-WB05N.1.1.0
2025-05-08 16:42:02,964 [WARN] PackLoader:240 - Cannot read IP mode file for STMicroelectronics.X-CUBE-TOUCHGFX.4.23.0
2025-05-08 16:42:02,967 [WARN] PackLoader:240 - Cannot read IP mode file for STMicroelectronics.X-CUBE-TOUCHGFX.4.23.2
2025-05-08 16:42:02,990 [WARN] PackLoader:240 - Cannot read IP mode file for STMicroelectronics.X-CUBE-AZRTOS-F7.1.1.0
2025-05-08 16:42:02,997 [ERROR] RealEvaluatedCondition:428 - Found unsupported composite condition: CLASS='Data Exchange' GROUP='STM32_MetaDataManager'
2025-05-08 16:42:02,997 [ERROR] RealEvaluatedCondition:428 - Found unsupported composite condition: CLASS='Data Exchange' GROUP='STM32_MetaDataManager'
2025-05-08 16:42:02,998 [WARN] PackLoader:240 - Cannot read IP mode file for STMicroelectronics.FP-SNS-MOTENV1.4.3.0
2025-05-08 16:42:03,004 [WARN] PackLoader:240 - Cannot read IP mode file for STMicroelectronics.FP-SNS-MOTENV1.4.3.2
2025-05-08 16:42:03,009 [WARN] PackLoader:240 - Cannot read IP mode file for STMicroelectronics.FP-SNS-FLIGHT1.5.0.0
2025-05-08 16:42:03,013 [ERROR] RealEvaluatedCondition:428 - Found unsupported composite condition: CLASS='Data Exchange' GROUP='STM32_MetaDataManager'
2025-05-08 16:42:03,013 [ERROR] RealEvaluatedCondition:428 - Found unsupported composite condition: CLASS='Data Exchange' GROUP='STM32_MetaDataManager'
2025-05-08 16:42:03,014 [WARN] PackLoader:240 - Cannot read IP mode file for STMicroelectronics.FP-SNS-MOTENV1.4.3.1
2025-05-08 16:42:03,019 [WARN] PackLoader:240 - Cannot read IP mode file for STMicroelectronics.FP-SNS-FLIGHT1.5.0.1
2025-05-08 16:42:03,079 [WARN] PackLoader:240 - Cannot read IP mode file for STMicroelectronics.X-CUBE-MEMS1.11.0.0
2025-05-08 16:42:03,228 [WARN] PackLoader:240 - Cannot read IP mode file for STMicroelectronics.X-CUBE-BLE1.6.2.4
2025-05-08 16:42:03,233 [WARN] PackLoader:240 - Cannot read IP mode file for STMicroelectronics.FP-SNS-FLIGHT1.5.0.2
2025-05-08 16:42:03,328 [WARN] PackLoader:240 - Cannot read IP mode file for Infineon.AIROC-Wi-Fi-Bluetooth-STM32.1.7.0
2025-05-08 16:42:03,369 [WARN] PackLoader:240 - Cannot read IP mode file for STMicroelectronics.X-CUBE-DISPLAY.3.0.0
2025-05-08 16:42:03,382 [WARN] PackLoader:240 - Cannot read IP mode file for STMicroelectronics.X-CUBE-BLE1.7.0.0
2025-05-08 16:42:03,391 [WARN] PackLoader:240 - Cannot read IP mode file for STMicroelectronics.X-CUBE-NFC10.1.0.0
2025-05-08 16:42:03,407 [WARN] PackLoader:240 - Cannot read IP mode file for STMicroelectronics.X-CUBE-BLEMGR.4.0.0
2025-05-08 16:42:03,420 [WARN] PackLoader:240 - Cannot read IP mode file for emotas.I-CUBE-CANOPEN.1.3.0
2025-05-08 16:42:03,427 [WARN] PackLoader:240 - Cannot read IP mode file for STMicroelectronics.X-CUBE-TOUCHGFX.4.22.0
2025-05-08 16:42:03,431 [WARN] PackLoader:240 - Cannot read IP mode file for STMicroelectronics.X-CUBE-TOUCHGFX.4.22.1
2025-05-08 16:42:03,440 [WARN] PackLoader:240 - Cannot read IP mode file for STMicroelectronics.X-CUBE-BLEMGR.3.1.0
2025-05-08 16:42:03,446 [WARN] PackLoader:240 - Cannot read IP mode file for STMicroelectronics.X-CUBE-AI.10.0.0
2025-05-08 16:42:03,451 [WARN] PackLoader:240 - Cannot read IP mode file for STMicroelectronics.FP-SNS-SMARTAG2.1.2.0
2025-05-08 16:42:03,458 [WARN] PackLoader:240 - Cannot read IP mode file for STMicroelectronics.FP-SNS-FLIGHT1.5.1.0
2025-05-08 16:42:03,493 [WARN] PackLoader:240 - Cannot read IP mode file for STMicroelectronics.X-CUBE-MEMS1.11.1.0
2025-05-08 16:42:03,583 [INFO] LogOutputStream:77 - [STDOUT_REDIRECT] 1 : Invalid condition id : UX_CORESTACK_Condition cause : null
2025-05-08 16:42:03,585 [INFO] LogOutputStream:77 - [STDOUT_REDIRECT] 1 : Invalid condition id : UX_CORESTACK_Condition cause : null
2025-05-08 16:42:03,586 [INFO] LogOutputStream:77 - [STDOUT_REDIRECT] 1 : Invalid condition id : UX_CORESTACK_Condition cause : null
2025-05-08 16:42:03,587 [INFO] LogOutputStream:77 - [STDOUT_REDIRECT] 1 : Invalid condition id : UX_CORESTACK_Condition cause : null
2025-05-08 16:42:03,588 [INFO] LogOutputStream:77 - [STDOUT_REDIRECT] 1 : Invalid condition id : UX_CORESTACK_Condition cause : null
2025-05-08 16:42:03,592 [WARN] PackLoader:240 - Cannot read IP mode file for STMicroelectronics.X-CUBE-AZRTOS-WL.2.0.0
2025-05-08 16:42:03,596 [WARN] PackLoader:240 - Cannot read IP mode file for STMicroelectronics.FP-SNS-MOTENV1.5.0.0
2025-05-08 16:42:03,601 [WARN] PackLoader:240 - Cannot read IP mode file for wolfSSL.I-CUBE-wolfMQTT.1.19.0
2025-05-08 16:42:03,611 [WARN] PackLoader:240 - Cannot read IP mode file for WES.I-CUBE-Cesium.1.3.0
2025-05-08 16:42:03,615 [WARN] PackLoader:240 - Cannot read IP mode file for STMicroelectronics.X-CUBE-BLE2.3.3.0
2025-05-08 16:42:03,624 [WARN] PackLoader:240 - Cannot read IP mode file for STMicroelectronics.X-CUBE-TOF1.3.2.0
2025-05-08 16:42:03,634 [WARN] PackLoader:240 - Cannot read IP mode file for STMicroelectronics.X-CUBE-NFC9.1.0.0
2025-05-08 16:42:03,640 [WARN] PackLoader:240 - Cannot read IP mode file for STMicroelectronics.X-CUBE-BLE1.7.1.0
2025-05-08 16:42:03,645 [WARN] PackLoader:240 - Cannot read IP mode file for STMicroelectronics.X-CUBE-TCPP.4.1.0
2025-05-08 16:42:03,650 [WARN] PackLoader:240 - Cannot read IP mode file for STMicroelectronics.X-CUBE-TOUCHGFX.4.21.1
2025-05-08 16:42:03,652 [WARN] PackLoader:240 - Cannot read IP mode file for STMicroelectronics.X-CUBE-TOUCHGFX.4.21.3
2025-05-08 16:42:03,656 [WARN] PackLoader:240 - Cannot read IP mode file for STMicroelectronics.X-CUBE-TOUCHGFX.4.21.4
2025-05-08 16:42:03,661 [WARN] PackLoader:240 - Cannot read IP mode file for STMicroelectronics.X-CUBE-ALGOBUILD.1.3.0
2025-05-08 16:42:03,701 [WARN] PackLoader:240 - Cannot read IP mode file for STMicroelectronics.X-CUBE-MEMS1.11.2.0
2025-05-08 16:42:03,793 [WARN] PackLoader:240 - Cannot read IP mode file for STMicroelectronics.X-CUBE-AZRTOS-G0.1.1.0
2025-05-08 16:42:03,799 [WARN] PackLoader:240 - Cannot read IP mode file for STMicroelectronics.X-CUBE-SAFEA1.1.2.2
2025-05-08 16:42:03,804 [WARN] PackLoader:240 - Cannot read IP mode file for STMicroelectronics.X-CUBE-NFC4.3.0.0
2025-05-08 16:42:03,811 [WARN] PackLoader:240 - Cannot read IP mode file for EmbeddedOffice.I-CUBE-FS-RTOS.1.0.1
2025-05-08 16:42:03,814 [WARN] PackLoader:240 - Cannot read IP mode file for STMicroelectronics.X-CUBE-WB05N.2.0.0
2025-05-08 16:42:03,819 [WARN] PackLoader:240 - Cannot read IP mode file for STMicroelectronics.X-CUBE-BLEMGR.3.0.0
2025-05-08 16:42:03,827 [WARN] PackLoader:240 - Cannot read IP mode file for STMicroelectronics.X-CUBE-BLEMGR.1.3.0
2025-05-08 16:42:03,830 [WARN] PackLoader:240 - Cannot read IP mode file for STMicroelectronics.X-CUBE-TCPP.4.2.0
2025-05-08 16:42:03,836 [WARN] PackLoader:240 - Cannot read IP mode file for RealThread.X-CUBE-RT-Thread_Nano.4.1.1
2025-05-08 16:42:03,840 [WARN] PackLoader:240 - Cannot read IP mode file for STMicroelectronics.FP-ATR-SIGFOX1.3.2.0
2025-05-08 16:42:03,844 [WARN] ConditionMgr:438 - getConditionDescription Invalid condition id : Cortex-A Device cause : null
2025-05-08 16:42:03,856 [WARN] ConditionMgr:1044 - genDependencies : Invalid condition id : Cortex-A Device cause : null
2025-05-08 16:42:03,856 [WARN] ConditionMgr:1044 - genDependencies : Invalid condition id : Cortex-A Device cause : null
2025-05-08 16:42:03,856 [WARN] ConditionMgr:1044 - genDependencies : Invalid condition id : Cortex-A Device cause : null
2025-05-08 16:42:03,859 [WARN] PackLoader:240 - Cannot read IP mode file for STMicroelectronics.X-CUBE-EEPRMA1.5.1.0
2025-05-08 16:42:03,863 [WARN] PackLoader:240 - Cannot read IP mode file for wolfSSL.I-CUBE-wolfSSL.5.7.4
2025-05-08 16:42:03,867 [WARN] PackLoader:240 - Cannot read IP mode file for ITTIA_DB.I-CUBE-ITTIADB.8.9.0
2025-05-08 16:42:03,896 [WARN] PackLoader:240 - Cannot read IP mode file for STMicroelectronics.X-CUBE-MEMS1.9.5.0
2025-05-08 16:42:04,025 [WARN] PackLoader:240 - Cannot read IP mode file for SEGGER.I-CUBE-embOS.1.3.1
2025-05-08 16:42:04,060 [WARN] PackLoader:240 - Cannot read IP mode file for STMicroelectronics.X-CUBE-ALGOBUILD.1.4.0
2025-05-08 16:42:04,064 [WARN] PackLoader:240 - Cannot read IP mode file for STMicroelectronics.X-CUBE-AI.9.1.0
2025-05-08 16:42:04,068 [WARN] PackLoader:240 - Cannot read IP mode file for STMicroelectronics.X-CUBE-GNSS1.6.0.0
2025-05-08 16:42:04,081 [WARN] PackLoader:240 - Cannot read IP mode file for STMicroelectronics.X-CUBE-AZRTOS-F4.1.1.0
2025-05-08 16:42:04,087 [WARN] PackLoader:240 - Cannot read IP mode file for Avnet-IotConnect.X-CUBE-IoTC-DA16k-PMOD.1.0.0
2025-05-08 16:42:04,091 [WARN] PackLoader:240 - Cannot read IP mode file for STMicroelectronics.X-CUBE-ISPU.2.1.0
2025-05-08 16:42:04,095 [WARN] PackLoader:240 - Cannot read IP mode file for STMicroelectronics.X-CUBE-FREERTOS.1.2.0
2025-05-08 16:42:04,110 [WARN] PackLoader:240 - Cannot read IP mode file for STMicroelectronics.X-CUBE-AZRTOS-L5.2.0.0
2025-05-08 16:42:04,136 [WARN] PackLoader:240 - Cannot read IP mode file for STMicroelectronics.X-CUBE-MEMS1.9.6.0
2025-05-08 16:42:04,209 [WARN] PackLoader:240 - Cannot read IP mode file for STMicroelectronics.X-CUBE-EEPRMA1.4.2.0
2025-05-08 16:42:04,214 [WARN] PackLoader:240 - Cannot read IP mode file for STMicroelectronics.X-CUBE-NFC6.3.1.0
2025-05-08 16:42:04,217 [WARN] PackLoader:240 - Cannot read IP mode file for ITTIA_DB.I-CUBE-ITTIADB.8.8.0
2025-05-08 16:42:04,221 [WARN] PackLoader:240 - Cannot read IP mode file for emotas.I-CUBE-CANOPEN.1.1.3
2025-05-08 16:42:04,227 [WARN] PackLoader:240 - Cannot read IP mode file for STMicroelectronics.X-CUBE-BLEMGR.2.0.0
2025-05-08 16:42:04,232 [WARN] PackLoader:240 - Cannot read IP mode file for STMicroelectronics.X-CUBE-DPower.1.2.0
2025-05-08 16:42:04,234 [WARN] PackLoader:240 - Cannot read IP mode file for STMicroelectronics.X-CUBE-AI.9.0.0
2025-05-08 16:42:04,246 [WARN] ConditionMgr:438 - getConditionDescription Invalid condition id : UX DEVICE CLASS RTOS Condition cause : null
2025-05-08 16:42:04,246 [WARN] ConditionMgr:438 - getConditionDescription Invalid condition id : UX DEVICE CLASS RTOS Condition cause : null
2025-05-08 16:42:04,248 [WARN] PackLoader:240 - Cannot read IP mode file for STMicroelectronics.X-CUBE-AZRTOS-H7.3.1.0
2025-05-08 16:42:04,248 [WARN] ConditionMgr:1044 - genDependencies : Invalid condition id : UX DEVICE CLASS RTOS Condition cause : null
2025-05-08 16:42:04,248 [WARN] ConditionMgr:1044 - genDependencies : Invalid condition id : UX DEVICE CLASS RTOS Condition cause : null
2025-05-08 16:42:04,248 [WARN] ConditionMgr:1044 - genDependencies : Invalid condition id : UX DEVICE CLASS RTOS Condition cause : null
2025-05-08 16:42:04,250 [WARN] ConditionMgr:1044 - genDependencies : Invalid condition id : UX DEVICE CLASS RTOS Condition cause : null
2025-05-08 16:42:04,250 [WARN] ConditionMgr:1044 - genDependencies : Invalid condition id : UX DEVICE CLASS RTOS Condition cause : null
2025-05-08 16:42:04,252 [WARN] PackLoader:240 - Cannot read IP mode file for wolfSSL.I-CUBE-wolfSSL.5.5.4
2025-05-08 16:42:04,257 [WARN] PackLoader:240 - Cannot read IP mode file for STMicroelectronics.X-CUBE-FREERTOS.1.3.0
2025-05-08 16:42:04,263 [WARN] PackLoader:240 - Cannot read IP mode file for STMicroelectronics.X-CUBE-NFC7.1.0.1
2025-05-08 16:42:04,269 [WARN] PackLoader:240 - Cannot read IP mode file for STMicroelectronics.X-CUBE-NFC7.1.0.0
2025-05-08 16:42:04,273 [WARN] PackLoader:240 - Cannot read IP mode file for wolfSSL.I-CUBE-wolfTPM.3.2.0
2025-05-08 16:42:04,278 [WARN] PackLoader:240 - Cannot read IP mode file for STMicroelectronics.X-CUBE-NFC6.3.0.0
2025-05-08 16:42:04,282 [WARN] PackLoader:240 - Cannot read IP mode file for STMicroelectronics.X-CUBE-EEPRMA1.4.1.0
2025-05-08 16:42:04,287 [WARN] PackLoader:240 - Cannot read IP mode file for STMicroelectronics.X-CUBE-DPower.1.3.0
2025-05-08 16:42:04,292 [WARN] PackLoader:240 - Cannot read IP mode file for STMicroelectronics.X-CUBE-AI.8.1.0
2025-05-08 16:42:04,301 [WARN] ConditionMgr:438 - getConditionDescription Invalid condition id : LAN8742 Phy interface Condition cause : null
2025-05-08 16:42:04,301 [WARN] PackLoader:240 - Cannot read IP mode file for STMicroelectronics.X-CUBE-AZRTOS-L4.2.0.0
2025-05-08 16:42:04,301 [WARN] ConditionMgr:1044 - genDependencies : Invalid condition id : LAN8742 Phy interface Condition cause : null
2025-05-08 16:42:04,301 [WARN] ConditionMgr:1044 - genDependencies : Invalid condition id : LAN8742 Phy interface Condition cause : null
2025-05-08 16:42:04,303 [WARN] ConditionMgr:1044 - genDependencies : Invalid condition id : LAN8742 Phy interface Condition cause : null
2025-05-08 16:42:04,308 [WARN] PackLoader:240 - Cannot read IP mode file for STMicroelectronics.X-CUBE-SFXS2LP1.4.0.0
2025-05-08 16:42:04,323 [WARN] PackLoader:240 - Cannot read IP mode file for STMicroelectronics.X-CUBE-AZRTOS-H7.3.0.0
2025-05-08 16:42:04,327 [WARN] PackLoader:240 - Cannot read IP mode file for STMicroelectronics.X-CUBE-ISPU.1.1.0
2025-05-08 16:42:04,338 [WARN] PackLoader:240 - Cannot read IP mode file for STMicroelectronics.X-CUBE-AZRTOS-H7.3.3.0
2025-05-08 16:42:04,345 [WARN] PackLoader:240 - Cannot read IP mode file for RoweBots.I-CUBE-UNISONRTOS.5.5.0-4
2025-05-08 16:42:04,348 [WARN] PackLoader:240 - Cannot read IP mode file for STMicroelectronics.X-CUBE-AI.8.0.0
2025-05-08 16:42:04,353 [WARN] PackLoader:240 - Cannot read IP mode file for STMicroelectronics.X-CUBE-IPS.3.0.0
2025-05-08 16:42:04,363 [WARN] ConditionMgr:438 - getConditionDescription Invalid condition id : UX DEVICE CLASS RTOS Condition cause : null
2025-05-08 16:42:04,363 [WARN] ConditionMgr:438 - getConditionDescription Invalid condition id : UX DEVICE CLASS RTOS Condition cause : null
2025-05-08 16:42:04,366 [WARN] PackLoader:240 - Cannot read IP mode file for STMicroelectronics.X-CUBE-AZRTOS-WB.2.0.0
2025-05-08 16:42:04,366 [WARN] ConditionMgr:1044 - genDependencies : Invalid condition id : UX DEVICE CLASS RTOS Condition cause : null
2025-05-08 16:42:04,366 [WARN] ConditionMgr:1044 - genDependencies : Invalid condition id : UX DEVICE CLASS RTOS Condition cause : null
2025-05-08 16:42:04,367 [WARN] ConditionMgr:1044 - genDependencies : Invalid condition id : UX DEVICE CLASS RTOS Condition cause : null
2025-05-08 16:42:04,367 [WARN] ConditionMgr:1044 - genDependencies : Invalid condition id : UX DEVICE CLASS RTOS Condition cause : null
2025-05-08 16:42:04,367 [WARN] ConditionMgr:1044 - genDependencies : Invalid condition id : UX DEVICE CLASS RTOS Condition cause : null
2025-05-08 16:42:04,370 [WARN] PackLoader:240 - Cannot read IP mode file for STMicroelectronics.X-CUBE-FREERTOS.1.0.0
2025-05-08 16:42:04,373 [WARN] PackLoader:240 - Cannot read IP mode file for STMicroelectronics.X-CUBE-FREERTOS.1.0.1
2025-05-08 16:42:04,376 [WARN] PackLoader:240 - Cannot read IP mode file for STMicroelectronics.X-CUBE-GNSS1.7.0.0
2025-05-08 16:42:04,379 [WARN] PackLoader:240 - Cannot read IP mode file for STMicroelectronics.X-CUBE-GNSS1.7.0.1
2025-05-08 16:42:04,383 [WARN] PackLoader:240 - Cannot read IP mode file for STMicroelectronics.X-CUBE-TOUCHGFX.4.25.0
2025-05-08 16:42:04,389 [WARN] PackLoader:240 - Cannot read IP mode file for STMicroelectronics.FP-SNS-STBOX1.2.0.0
2025-05-08 16:42:04,401 [WARN] PackLoader:240 - Cannot read IP mode file for STMicroelectronics.X-CUBE-AZRTOS-L5.1.1.0
2025-05-08 16:42:04,404 [WARN] PackLoader:240 - Cannot read IP mode file for STMicroelectronics.X-CUBE-AI.8.0.1
2025-05-08 16:42:04,409 [WARN] PackLoader:240 - Cannot read IP mode file for STMicroelectronics.X-CUBE-SUBG2.5.0.0
2025-05-08 16:42:04,424 [WARN] PackLoader:240 - Cannot read IP mode file for STMicroelectronics.X-CUBE-AZRTOS-H7RS.1.1.0
2025-05-08 16:42:04,429 [WARN] PackLoader:240 - Cannot read IP mode file for Cesanta.I-CUBE-Mongoose.7.13.0
2025-05-08 16:42:04,434 [WARN] PackLoader:240 - Cannot read IP mode file for STMicroelectronics.X-CUBE-TOF1.3.3.1
2025-05-08 16:42:04,446 [WARN] PackLoader:240 - Cannot read IP mode file for STMicroelectronics.X-CUBE-AZRTOS-G4.2.0.0
2025-05-08 16:42:04,452 [WARN] PackLoader:240 - Cannot read IP mode file for STMicroelectronics.X-CUBE-TOF1.3.3.0
2025-05-08 16:42:04,460 [WARN] PackLoader:240 - Cannot read IP mode file for STMicroelectronics.FP-ATR-ASTRA1.1.1.1
2025-05-08 16:42:04,466 [WARN] PackLoader:240 - Cannot read IP mode file for Infineon.AIROC-Wi-Fi-Bluetooth-STM32.1.5.1
2025-05-08 16:42:04,469 [WARN] PackLoader:240 - Cannot read IP mode file for STMicroelectronics.FP-SNS-MOTENVWB1.1.3.0
2025-05-08 16:42:04,475 [WARN] PackLoader:240 - Cannot read IP mode file for STMicroelectronics.X-CUBE-NFC7.2.0.0
2025-05-08 16:42:04,477 [WARN] PackLoader:240 - Cannot read IP mode file for STMicroelectronics.FP-SNS-MOTENVWB1.1.3.1
2025-05-08 16:42:04,488 [WARN] PackLoader:240 - Cannot read IP mode file for STMicroelectronics.X-CUBE-AZRTOS-G4.1.0.0
2025-05-08 16:42:04,501 [WARN] PackLoader:240 - Cannot read IP mode file for STMicroelectronics.X-CUBE-AZRTOS-L4.1.0.0
2025-05-08 16:42:04,506 [WARN] PackLoader:240 - Cannot read IP mode file for STMicroelectronics.X-CUBE-ISPU.2.0.0
2025-05-08 16:42:04,511 [WARN] PackLoader:240 - Cannot read IP mode file for STMicroelectronics.X-CUBE-IPS.3.1.0
2025-05-08 16:42:04,529 [WARN] PackLoader:240 - Cannot read IP mode file for STMicroelectronics.X-CUBE-ALS.1.0.2
2025-05-08 16:42:04,562 [WARN] PackLoader:240 - Cannot read IP mode file for STMicroelectronics.X-CUBE-MEMS1.10.0.0
2025-05-08 16:42:04,651 [WARN] PackLoader:240 - Cannot read IP mode file for STMicroelectronics.X-CUBE-FREERTOS.1.1.0
2025-05-08 16:42:04,654 [WARN] PackLoader:240 - Cannot read IP mode file for STMicroelectronics.X-CUBE-TOUCHGFX.4.24.0
2025-05-08 16:42:04,657 [WARN] PackLoader:240 - Cannot read IP mode file for STMicroelectronics.X-CUBE-TOUCHGFX.4.24.2
2025-05-08 16:42:04,665 [WARN] PackLoader:240 - Cannot read IP mode file for STMicroelectronics.X-CUBE-AZRTOS-WL.1.0.0
2025-05-08 16:42:04,668 [WARN] PackLoader:240 - Cannot read IP mode file for STMicroelectronics.X-CUBE-TOUCHGFX.4.24.1
2025-05-08 16:42:04,672 [WARN] PackLoader:240 - Cannot read IP mode file for wolfSSL.I-CUBE-wolfTPM.3.4.0
2025-05-08 16:42:04,677 [WARN] PackLoader:240 - Cannot read IP mode file for portGmbH.I-Cube-SoM-uGOAL.1.1.0
2025-05-08 16:42:04,680 [WARN] PackLoader:240 - Cannot read IP mode file for STMicroelectronics.X-CUBE-ALS.1.0.1
2025-05-08 16:42:04,687 [WARN] PackLoader:240 - Cannot read IP mode file for STMicroelectronics.X-CUBE-AZRTOS-WB.1.1.0
2025-05-08 16:42:04,698 [WARN] PackLoader:240 - Cannot read IP mode file for STMicroelectronics.X-CUBE-AZRTOS-H7RS.1.0.0
2025-05-08 16:42:04,703 [WARN] PackLoader:240 - Cannot read IP mode file for STMicroelectronics.FP-ATR-ASTRA1.2.0.0
2025-05-08 16:42:04,710 [WARN] PackLoader:240 - Cannot read IP mode file for STMicroelectronics.X-CUBE-TOF1.3.4.2
2025-05-08 16:42:04,720 [WARN] PackLoader:240 - Cannot read IP mode file for STMicroelectronics.X-CUBE-TOF1.3.4.3
2025-05-08 16:42:04,731 [WARN] PackLoader:240 - Cannot read IP mode file for STMicroelectronics.X-CUBE-TOF1.3.4.0
2025-05-08 16:42:04,742 [WARN] PackLoader:240 - Cannot read IP mode file for STMicroelectronics.X-CUBE-TOF1.3.4.1
2025-05-08 16:42:04,759 [WARN] PackLoader:240 - Cannot read IP mode file for STMicroelectronics.X-CUBE-AZRTOS-H7.3.2.0
2025-05-08 16:42:04,763 [WARN] PackLoader:240 - Cannot read IP mode file for wolfSSL.I-CUBE-wolfSSH.1.4.17
2025-05-08 16:42:04,764 [INFO] ThirdParty:978 - Integrity check success = true
2025-05-08 16:42:04,764 [INFO] IntegrityCheckThread:100 - exiting critical section [integrity check]
2025-05-08 16:42:04,764 [INFO] IntegrityCheckThread:103 - End integrity checks thread
